This is pdfTeX, Version 3.1415926-1.40.11 (TeX Live 2010) (format=latex 2011.7.7)  13 JUN 2013 11:01
entering extended mode
 restricted \write18 enabled.
 %&-line parsing enabled.
**castrois.tex
(./castrois.tex
LaTeX2e <2009/09/24>
Babel <v3.8l> and hyphenation patterns for english, dumylang, nohyphenation, ge
rman-x-2009-06-19, ngerman-x-2009-06-19, ancientgreek, ibycus, arabic, armenian
, basque, bulgarian, catalan, pinyin, coptic, croatian, czech, danish, dutch, u
kenglish, usenglishmax, esperanto, estonian, farsi, finnish, french, galician, 
german, ngerman, swissgerman, monogreek, greek, hungarian, icelandic, assamese,
 bengali, gujarati, hindi, kannada, malayalam, marathi, oriya, panjabi, tamil, 
telugu, indonesian, interlingua, irish, italian, kurmanji, lao, latin, latvian,
 lithuanian, mongolian, mongolianlmc, bokmal, nynorsk, polish, portuguese, roma
nian, russian, sanskrit, serbian, slovak, slovenian, spanish, swedish, turkish,
 turkmen, ukrainian, uppersorbian, welsh, loaded.
(/usr/local/texlive/2010/texmf-dist/tex/latex/base/book.cls
Document Class: book 2007/10/19 v1.4h Standard LaTeX document class
(/usr/local/texlive/2010/texmf-dist/tex/latex/base/bk11.clo
File: bk11.clo 2007/10/19 v1.4h Standard LaTeX file (size option)
)
\c@part=\count79
\c@chapter=\count80
\c@section=\count81
\c@subsection=\count82
\c@subsubsection=\count83
\c@paragraph=\count84
\c@subparagraph=\count85
\c@figure=\count86
\c@table=\count87
\abovecaptionskip=\skip41
\belowcaptionskip=\skip42
\bibindent=\dimen102
)
(/usr/local/texlive/2010/texmf-dist/tex/latex/amsmath/amsmath.sty
Package: amsmath 2000/07/18 v2.13 AMS math features
\@mathmargin=\skip43

For additional information on amsmath, use the `?' option.
(/usr/local/texlive/2010/texmf-dist/tex/latex/amsmath/amstext.sty
Package: amstext 2000/06/29 v2.01

(/usr/local/texlive/2010/texmf-dist/tex/latex/amsmath/amsgen.sty
File: amsgen.sty 1999/11/30 v2.0
\@emptytoks=\toks14
\ex@=\dimen103
))
(/usr/local/texlive/2010/texmf-dist/tex/latex/amsmath/amsbsy.sty
Package: amsbsy 1999/11/29 v1.2d
\pmbraise@=\dimen104
)
(/usr/local/texlive/2010/texmf-dist/tex/latex/amsmath/amsopn.sty
Package: amsopn 1999/12/14 v2.01 operator names
)
\inf@bad=\count88
LaTeX Info: Redefining \frac on input line 211.
\uproot@=\count89
\leftroot@=\count90
LaTeX Info: Redefining \overline on input line 307.
\classnum@=\count91
\DOTSCASE@=\count92
LaTeX Info: Redefining \ldots on input line 379.
LaTeX Info: Redefining \dots on input line 382.
LaTeX Info: Redefining \cdots on input line 467.
\Mathstrutbox@=\box26
\strutbox@=\box27
\big@size=\dimen105
LaTeX Font Info:    Redeclaring font encoding OML on input line 567.
LaTeX Font Info:    Redeclaring font encoding OMS on input line 568.
\macc@depth=\count93
\c@MaxMatrixCols=\count94
\dotsspace@=\muskip10
\c@parentequation=\count95
\dspbrk@lvl=\count96
\tag@help=\toks15
\row@=\count97
\column@=\count98
\maxfields@=\count99
\andhelp@=\toks16
\eqnshift@=\dimen106
\alignsep@=\dimen107
\tagshift@=\dimen108
\tagwidth@=\dimen109
\totwidth@=\dimen110
\lineht@=\dimen111
\@envbody=\toks17
\multlinegap=\skip44
\multlinetaggap=\skip45
\mathdisplay@stack=\toks18
LaTeX Info: Redefining \[ on input line 2666.
LaTeX Info: Redefining \] on input line 2667.
)
(/usr/local/texlive/2010/texmf-dist/tex/latex/amsfonts/amsfonts.sty
Package: amsfonts 2009/06/22 v3.00 Basic AMSFonts support
\symAMSa=\mathgroup4
\symAMSb=\mathgroup5
LaTeX Font Info:    Overwriting math alphabet `\mathfrak' in version `bold'
(Font)                  U/euf/m/n --> U/euf/b/n on input line 96.
)
(/usr/local/texlive/2010/texmf-dist/tex/latex/amsfonts/amssymb.sty
Package: amssymb 2009/06/22 v3.00
)
(/usr/local/texlive/2010/texmf-dist/tex/latex/stmaryrd/stmaryrd.sty
Package: stmaryrd 1994/03/03 St Mary's Road symbol package
\symstmry=\mathgroup6
LaTeX Font Info:    Overwriting symbol font `stmry' in version `bold'
(Font)                  U/stmry/m/n --> U/stmry/b/n on input line 89.
)
(/usr/local/texlive/2010/texmf-dist/tex/latex/base/makeidx.sty
Package: makeidx 2000/03/29 v1.0m Standard LaTeX package
)
(/usr/local/texlive/2010/texmf-dist/tex/latex/psnfss/times.sty
Package: times 2005/04/12 PSNFSS-v9.2a (SPQR) 
) (./ifpdf.sty
Package: ifpdf 2001/06/14 v1.0 Providing \ifpdf (HO)
Package ifpdf Info: pdfTeX in pdf mode not detected on input line 140.
)
(/usr/local/texlive/2010/texmf-dist/tex/latex/pst-plot/pst-plot.sty
(/usr/local/texlive/2010/texmf-dist/tex/latex/pstricks/pstricks.sty
Package: pstricks 2010/06/17 v0.45 LaTeX wrapper for `PSTricks' (RN,HV)

(/usr/local/texlive/2010/texmf-dist/tex/generic/pstricks/pstricks.tex
(/usr/local/texlive/2010/texmf-dist/tex/generic/xkeyval/pst-xkey.tex
File: pst-xkey.tex 2005/11/25 v1.6 PSTricks specialization of xkeyval (HA)

(/usr/local/texlive/2010/texmf-dist/tex/latex/xkeyval/xkeyval.sty
Package: xkeyval 2008/08/13 v2.6a package option processing (HA)

(/usr/local/texlive/2010/texmf-dist/tex/generic/xkeyval/xkeyval.tex
\XKV@toks=\toks19
\XKV@tempa@toks=\toks20
\XKV@depth=\count100
File: xkeyval.tex 2008/08/13 v2.6a key=value parser (HA)

(/usr/local/texlive/2010/texmf-dist/tex/generic/xkeyval/keyval.tex))))
(/usr/local/texlive/2010/texmf-dist/tex/generic/pstricks/pst-fp.tex
`pst-fp' v0.06, 2010/05/14 (hv)
\pstFP@xs=\count101
\pstFP@xia=\count102
\pstFP@xib=\count103
\pstFP@xfa=\count104
\pstFP@xfb=\count105
\pstFP@rega=\count106
\pstFP@regb=\count107
\pstFP@regs=\count108
\pstFP@times=\count109
)
\psLoopIndex=\count110

`PSTricks' v2.08  <2010/06/06> (tvz)
\pst@dima=\dimen112
\pst@dimb=\dimen113
\pst@dimc=\dimen114
\pst@dimd=\dimen115
\pst@dimg=\dimen116
\pst@dimh=\dimen117
\pst@dimm=\dimen118
\pst@dimn=\dimen119
\pst@dimo=\dimen120
\pst@dimp=\dimen121
\pst@hbox=\box28
\pst@boxg=\box29
\pst@cnta=\count111
\pst@cntb=\count112
\pst@cntc=\count113
\pst@cntd=\count114
\pst@cntg=\count115
\pst@cnth=\count116
\pst@cntm=\count117
\pst@cntn=\count118
\pst@cnto=\count119
\pst@cntp=\count120
\@zero=\count121
\pst@toks=\toks21
(/usr/local/texlive/2010/texmf-dist/tex/generic/pstricks/pstricks.con)
\psunit=\dimen122
\psxunit=\dimen123
\psyunit=\dimen124
\pslinewidth=\dimen125
\pst@customdefs=\toks22
\pslinearc=\dimen126
\pst@symbolStep=\dimen127
\pst@symbolWidth=\dimen128
\everypsbox=\toks23
\psframesep=\dimen129
\pslabelsep=\dimen130
\pst@shift=\dimen131
\theoverlaybox=\box30
)
File: pstricks.tex 2010/06/06 v2.08 `PSTricks' (tvz,hv)

(/usr/local/texlive/2010/texmf-dist/tex/generic/pstricks/pst-fp.tex)
File: pst-fp.tex 2010/06/06 v2.08 `PST-fp' (hv)

(/usr/local/texlive/2010/texmf-dist/tex/latex/xcolor/xcolor.sty
Package: xcolor 2007/01/21 v2.11 LaTeX color extensions (UK)

(/usr/local/texlive/2010/texmf-dist/tex/latex/latexconfig/color.cfg
File: color.cfg 2007/01/18 v1.5 color configuration of teTeX/TeXLive
)
Package xcolor Info: Driver file: dvips.def on input line 225.

(/usr/local/texlive/2010/texmf-dist/tex/latex/graphics/dvips.def
File: dvips.def 1999/02/16 v3.0i Driver-dependant file (DPC,SPQR)
)
Package xcolor Info: Model `cmy' substituted by `cmy0' on input line 1337.
Package xcolor Info: Model `RGB' extended on input line 1353.
Package xcolor Info: Model `HTML' substituted by `rgb' on input line 1355.
Package xcolor Info: Model `Hsb' substituted by `hsb' on input line 1356.
Package xcolor Info: Model `tHsb' substituted by `hsb' on input line 1357.
Package xcolor Info: Model `HSB' substituted by `hsb' on input line 1358.
Package xcolor Info: Model `Gray' substituted by `gray' on input line 1359.
Package xcolor Info: Model `wave' substituted by `hsb' on input line 1360.
))
Package: pst-plot 2010/01/22 package wrapper for pst-plot.tex

(/usr/local/texlive/2010/texmf-dist/tex/generic/pst-plot/pst-plot.tex
(/usr/local/texlive/2010/texmf-dist/tex/generic/multido/multido.tex
 v1.42, 2010/05/14 <tvz>
\multido@count=\count122
\multidocount=\count123
\multido@stuff=\toks24
)  v1.17, 2010/06/22 (tvz,hv)
\pstRadUnit=\dimen132
\pstRadUnitInv=\dimen133
\pst@linecnt=\count124
\psk@subticksize=\dimen134
\pst@xticksizeA=\dimen135
\pst@xticksizeB=\dimen136
\pst@xticksizeC=\dimen137
\pst@yticksizeA=\dimen138
\pst@yticksizeB=\dimen139
\pst@yticksizeC=\dimen140
\@digitcounter=\count125
\psk@llx=\dimen141
\psk@lly=\dimen142
\psk@urx=\dimen143
\psk@ury=\dimen144
\pst@xunit=\dimen145
\pst@yunit=\dimen146
)
File: pst-plot.tex 2010/06/22 1.17 `pst-plot' (tvz,hv)
)
(/usr/local/texlive/2010/texmf-dist/tex/latex/graphics/graphicx.sty
Package: graphicx 1999/02/16 v1.0f Enhanced LaTeX Graphics (DPC,SPQR)

(/usr/local/texlive/2010/texmf-dist/tex/latex/graphics/graphics.sty
Package: graphics 2009/02/05 v1.0o Standard LaTeX Graphics (DPC,SPQR)

(/usr/local/texlive/2010/texmf-dist/tex/latex/graphics/trig.sty
Package: trig 1999/03/16 v1.09 sin cos tan (DPC)
)
(/usr/local/texlive/2010/texmf-dist/tex/latex/latexconfig/graphics.cfg
File: graphics.cfg 2010/04/23 v1.9 graphics configuration of TeX Live
)
Package graphics Info: Driver file: dvips.def on input line 91.
)
\Gin@req@height=\dimen147
\Gin@req@width=\dimen148
)
(/usr/local/texlive/2010/texmf-dist/tex/latex/base/inputenc.sty
Package: inputenc 2008/03/30 v1.1d Input encoding file
\inpenc@prehook=\toks25
\inpenc@posthook=\toks26

(/usr/local/texlive/2010/texmf-dist/tex/latex/base/utf8.def
File: utf8.def 2008/04/05 v1.1m UTF-8 support for inputenc
Now handling font encoding OML ...
... no UTF-8 mapping file for font encoding OML
Now handling font encoding T1 ...
... processing UTF-8 mapping file for font encoding T1

(/usr/local/texlive/2010/texmf-dist/tex/latex/base/t1enc.dfu
File: t1enc.dfu 2008/04/05 v1.1m UTF-8 support for inputenc
   defining Unicode char U+00A1 (decimal 161)
   defining Unicode char U+00A3 (decimal 163)
   defining Unicode char U+00AB (decimal 171)
   defining Unicode char U+00BB (decimal 187)
   defining Unicode char U+00BF (decimal 191)
   defining Unicode char U+00C0 (decimal 192)
   defining Unicode char U+00C1 (decimal 193)
   defining Unicode char U+00C2 (decimal 194)
   defining Unicode char U+00C3 (decimal 195)
   defining Unicode char U+00C4 (decimal 196)
   defining Unicode char U+00C5 (decimal 197)
   defining Unicode char U+00C6 (decimal 198)
   defining Unicode char U+00C7 (decimal 199)
   defining Unicode char U+00C8 (decimal 200)
   defining Unicode char U+00C9 (decimal 201)
   defining Unicode char U+00CA (decimal 202)
   defining Unicode char U+00CB (decimal 203)
   defining Unicode char U+00CC (decimal 204)
   defining Unicode char U+00CD (decimal 205)
   defining Unicode char U+00CE (decimal 206)
   defining Unicode char U+00CF (decimal 207)
   defining Unicode char U+00D0 (decimal 208)
   defining Unicode char U+00D1 (decimal 209)
   defining Unicode char U+00D2 (decimal 210)
   defining Unicode char U+00D3 (decimal 211)
   defining Unicode char U+00D4 (decimal 212)
   defining Unicode char U+00D5 (decimal 213)
   defining Unicode char U+00D6 (decimal 214)
   defining Unicode char U+00D8 (decimal 216)
   defining Unicode char U+00D9 (decimal 217)
   defining Unicode char U+00DA (decimal 218)
   defining Unicode char U+00DB (decimal 219)
   defining Unicode char U+00DC (decimal 220)
   defining Unicode char U+00DD (decimal 221)
   defining Unicode char U+00DE (decimal 222)
   defining Unicode char U+00DF (decimal 223)
   defining Unicode char U+00E0 (decimal 224)
   defining Unicode char U+00E1 (decimal 225)
   defining Unicode char U+00E2 (decimal 226)
   defining Unicode char U+00E3 (decimal 227)
   defining Unicode char U+00E4 (decimal 228)
   defining Unicode char U+00E5 (decimal 229)
   defining Unicode char U+00E6 (decimal 230)
   defining Unicode char U+00E7 (decimal 231)
   defining Unicode char U+00E8 (decimal 232)
   defining Unicode char U+00E9 (decimal 233)
   defining Unicode char U+00EA (decimal 234)
   defining Unicode char U+00EB (decimal 235)
   defining Unicode char U+00EC (decimal 236)
   defining Unicode char U+00ED (decimal 237)
   defining Unicode char U+00EE (decimal 238)
   defining Unicode char U+00EF (decimal 239)
   defining Unicode char U+00F0 (decimal 240)
   defining Unicode char U+00F1 (decimal 241)
   defining Unicode char U+00F2 (decimal 242)
   defining Unicode char U+00F3 (decimal 243)
   defining Unicode char U+00F4 (decimal 244)
   defining Unicode char U+00F5 (decimal 245)
   defining Unicode char U+00F6 (decimal 246)
   defining Unicode char U+00F8 (decimal 248)
   defining Unicode char U+00F9 (decimal 249)
   defining Unicode char U+00FA (decimal 250)
   defining Unicode char U+00FB (decimal 251)
   defining Unicode char U+00FC (decimal 252)
   defining Unicode char U+00FD (decimal 253)
   defining Unicode char U+00FE (decimal 254)
   defining Unicode char U+00FF (decimal 255)
   defining Unicode char U+0102 (decimal 258)
   defining Unicode char U+0103 (decimal 259)
   defining Unicode char U+0104 (decimal 260)
   defining Unicode char U+0105 (decimal 261)
   defining Unicode char U+0106 (decimal 262)
   defining Unicode char U+0107 (decimal 263)
   defining Unicode char U+010C (decimal 268)
   defining Unicode char U+010D (decimal 269)
   defining Unicode char U+010E (decimal 270)
   defining Unicode char U+010F (decimal 271)
   defining Unicode char U+0110 (decimal 272)
   defining Unicode char U+0111 (decimal 273)
   defining Unicode char U+0118 (decimal 280)
   defining Unicode char U+0119 (decimal 281)
   defining Unicode char U+011A (decimal 282)
   defining Unicode char U+011B (decimal 283)
   defining Unicode char U+011E (decimal 286)
   defining Unicode char U+011F (decimal 287)
   defining Unicode char U+0130 (decimal 304)
   defining Unicode char U+0131 (decimal 305)
   defining Unicode char U+0132 (decimal 306)
   defining Unicode char U+0133 (decimal 307)
   defining Unicode char U+0139 (decimal 313)
   defining Unicode char U+013A (decimal 314)
   defining Unicode char U+013D (decimal 317)
   defining Unicode char U+013E (decimal 318)
   defining Unicode char U+0141 (decimal 321)
   defining Unicode char U+0142 (decimal 322)
   defining Unicode char U+0143 (decimal 323)
   defining Unicode char U+0144 (decimal 324)
   defining Unicode char U+0147 (decimal 327)
   defining Unicode char U+0148 (decimal 328)
   defining Unicode char U+014A (decimal 330)
   defining Unicode char U+014B (decimal 331)
   defining Unicode char U+0150 (decimal 336)
   defining Unicode char U+0151 (decimal 337)
   defining Unicode char U+0152 (decimal 338)
   defining Unicode char U+0153 (decimal 339)
   defining Unicode char U+0154 (decimal 340)
   defining Unicode char U+0155 (decimal 341)
   defining Unicode char U+0158 (decimal 344)
   defining Unicode char U+0159 (decimal 345)
   defining Unicode char U+015A (decimal 346)
   defining Unicode char U+015B (decimal 347)
   defining Unicode char U+015E (decimal 350)
   defining Unicode char U+015F (decimal 351)
   defining Unicode char U+0160 (decimal 352)
   defining Unicode char U+0161 (decimal 353)
   defining Unicode char U+0162 (decimal 354)
   defining Unicode char U+0163 (decimal 355)
   defining Unicode char U+0164 (decimal 356)
   defining Unicode char U+0165 (decimal 357)
   defining Unicode char U+016E (decimal 366)
   defining Unicode char U+016F (decimal 367)
   defining Unicode char U+0170 (decimal 368)
   defining Unicode char U+0171 (decimal 369)
   defining Unicode char U+0178 (decimal 376)
   defining Unicode char U+0179 (decimal 377)
   defining Unicode char U+017A (decimal 378)
   defining Unicode char U+017B (decimal 379)
   defining Unicode char U+017C (decimal 380)
   defining Unicode char U+017D (decimal 381)
   defining Unicode char U+017E (decimal 382)
   defining Unicode char U+200C (decimal 8204)
   defining Unicode char U+2013 (decimal 8211)
   defining Unicode char U+2014 (decimal 8212)
   defining Unicode char U+2018 (decimal 8216)
   defining Unicode char U+2019 (decimal 8217)
   defining Unicode char U+201A (decimal 8218)
   defining Unicode char U+201C (decimal 8220)
   defining Unicode char U+201D (decimal 8221)
   defining Unicode char U+201E (decimal 8222)
   defining Unicode char U+2030 (decimal 8240)
   defining Unicode char U+2031 (decimal 8241)
   defining Unicode char U+2039 (decimal 8249)
   defining Unicode char U+203A (decimal 8250)
   defining Unicode char U+2423 (decimal 9251)
)
Now handling font encoding OT1 ...
... processing UTF-8 mapping file for font encoding OT1

(/usr/local/texlive/2010/texmf-dist/tex/latex/base/ot1enc.dfu
File: ot1enc.dfu 2008/04/05 v1.1m UTF-8 support for inputenc
   defining Unicode char U+00A1 (decimal 161)
   defining Unicode char U+00A3 (decimal 163)
   defining Unicode char U+00B8 (decimal 184)
   defining Unicode char U+00BF (decimal 191)
   defining Unicode char U+00C5 (decimal 197)
   defining Unicode char U+00C6 (decimal 198)
   defining Unicode char U+00D8 (decimal 216)
   defining Unicode char U+00DF (decimal 223)
   defining Unicode char U+00E6 (decimal 230)
   defining Unicode char U+00EC (decimal 236)
   defining Unicode char U+00ED (decimal 237)
   defining Unicode char U+00EE (decimal 238)
   defining Unicode char U+00EF (decimal 239)
   defining Unicode char U+00F8 (decimal 248)
   defining Unicode char U+0131 (decimal 305)
   defining Unicode char U+0141 (decimal 321)
   defining Unicode char U+0142 (decimal 322)
   defining Unicode char U+0152 (decimal 338)
   defining Unicode char U+0153 (decimal 339)
   defining Unicode char U+2013 (decimal 8211)
   defining Unicode char U+2014 (decimal 8212)
   defining Unicode char U+2018 (decimal 8216)
   defining Unicode char U+2019 (decimal 8217)
   defining Unicode char U+201C (decimal 8220)
   defining Unicode char U+201D (decimal 8221)
)
Now handling font encoding OMS ...
... processing UTF-8 mapping file for font encoding OMS

(/usr/local/texlive/2010/texmf-dist/tex/latex/base/omsenc.dfu
File: omsenc.dfu 2008/04/05 v1.1m UTF-8 support for inputenc
   defining Unicode char U+00A7 (decimal 167)
   defining Unicode char U+00B6 (decimal 182)
   defining Unicode char U+00B7 (decimal 183)
   defining Unicode char U+2020 (decimal 8224)
   defining Unicode char U+2021 (decimal 8225)
   defining Unicode char U+2022 (decimal 8226)
)
Now handling font encoding OMX ...
... no UTF-8 mapping file for font encoding OMX
Now handling font encoding U ...
... no UTF-8 mapping file for font encoding U
   defining Unicode char U+00A9 (decimal 169)
   defining Unicode char U+00AA (decimal 170)
   defining Unicode char U+00AE (decimal 174)
   defining Unicode char U+00BA (decimal 186)
   defining Unicode char U+02C6 (decimal 710)
   defining Unicode char U+02DC (decimal 732)
   defining Unicode char U+200C (decimal 8204)
   defining Unicode char U+2026 (decimal 8230)
   defining Unicode char U+2122 (decimal 8482)
   defining Unicode char U+2423 (decimal 9251)
))
(/usr/local/texlive/2010/texmf-dist/tex/latex/base/fontenc.sty
Package: fontenc 2005/09/27 v1.99g Standard LaTeX package

(/usr/local/texlive/2010/texmf-dist/tex/latex/base/t1enc.def
File: t1enc.def 2005/09/27 v1.99g Standard LaTeX file
LaTeX Font Info:    Redeclaring font encoding T1 on input line 43.
))
(/usr/local/texlive/2010/texmf-dist/tex/generic/babel/babel.sty
Package: babel 2008/07/06 v3.8l The Babel package

(/usr/local/texlive/2010/texmf-dist/tex/generic/babel/frenchb.ldf
Language: frenchb 2009/03/16 v2.3d French support from the babel system

(/usr/local/texlive/2010/texmf-dist/tex/generic/babel/babel.def
File: babel.def 2008/07/06 v3.8l Babel common definitions
\babel@savecnt=\count126
\U@D=\dimen149
)
Package babel Info: Making : an active character on input line 120.
Package babel Info: Making ; an active character on input line 121.
Package babel Info: Making ! an active character on input line 122.
Package babel Info: Making ? an active character on input line 123.
\FB@Mht=\dimen150
\std@mcc=\count127
\dec@mcc=\count128
\parindentFFN=\dimen151

*************************************
* Local config file frenchb.cfg used
*
(/usr/local/texlive/2010/texmf-dist/tex/generic/babel/frenchb.cfg)))
(/usr/local/texlive/2010/texmf-dist/tex/latex/carlisle/scalefnt.sty)
(/usr/local/texlive/2010/texmf-dist/tex/latex/base/latexsym.sty
Package: latexsym 1998/08/17 v2.2e Standard LaTeX package (lasy symbols)
\symlasy=\mathgroup7
LaTeX Font Info:    Overwriting symbol font `lasy' in version `bold'
(Font)                  U/lasy/m/n --> U/lasy/b/n on input line 47.
)
\@indexfile=\write3
\openout3 = `castrois.idx'.


Writing index file castrois.idx
(./castrois.aux)
\openout1 = `castrois.aux'.

LaTeX Font Info:    Checking defaults for OML/cmm/m/it on input line 43.
LaTeX Font Info:    ... okay on input line 43.
LaTeX Font Info:    Checking defaults for T1/cmr/m/n on input line 43.
LaTeX Font Info:    ... okay on input line 43.
LaTeX Font Info:    Checking defaults for OT1/cmr/m/n on input line 43.
LaTeX Font Info:    ... okay on input line 43.
LaTeX Font Info:    Checking defaults for OMS/cmsy/m/n on input line 43.
LaTeX Font Info:    ... okay on input line 43.
LaTeX Font Info:    Checking defaults for OMX/cmex/m/n on input line 43.
LaTeX Font Info:    ... okay on input line 43.
LaTeX Font Info:    Checking defaults for U/cmr/m/n on input line 43.
LaTeX Font Info:    ... okay on input line 43.
LaTeX Font Info:    Try loading font information for T1+ptm on input line 43.
 (/usr/local/texlive/2010/texmf-dist/tex/latex/psnfss/t1ptm.fd
File: t1ptm.fd 2001/06/04 font definitions for T1/ptm.
)
LaTeX Info: Redefining \degres on input line 43.
LaTeX Info: Redefining \dots on input line 43.
LaTeX Info: Redefining \up on input line 43.
LaTeX Font Info:    Try loading font information for T1+pcr on input line 44.
(/usr/local/texlive/2010/texmf-dist/tex/latex/psnfss/t1pcr.fd
File: t1pcr.fd 2001/06/04 font definitions for T1/pcr.
)
LaTeX Font Info:    Try loading font information for U+msa on input line 44.

(/usr/local/texlive/2010/texmf-dist/tex/latex/amsfonts/umsa.fd
File: umsa.fd 2009/06/22 v3.00 AMS symbols A
)
LaTeX Font Info:    Try loading font information for U+msb on input line 44.

(/usr/local/texlive/2010/texmf-dist/tex/latex/amsfonts/umsb.fd
File: umsb.fd 2009/06/22 v3.00 AMS symbols B
)
LaTeX Font Info:    Try loading font information for U+stmry on input line 44.

(/usr/local/texlive/2010/texmf-dist/tex/latex/stmaryrd/Ustmry.fd)
LaTeX Font Info:    Try loading font information for U+lasy on input line 44.

(/usr/local/texlive/2010/texmf-dist/tex/latex/base/ulasy.fd
File: ulasy.fd 1998/08/17 v2.2e LaTeX symbol font definitions
) [1


]
LaTeX Font Info:    Font shape `T1/ptm/bx/n' in size <10.95> not available
(Font)              Font shape `T1/ptm/b/n' tried instead on input line 45.
LaTeX Font Info:    Try loading font information for OMS+ptm on input line 59.

(/usr/local/texlive/2010/texmf-dist/tex/latex/psnfss/omsptm.fd
File: omsptm.fd 
)
LaTeX Font Info:    Font shape `OMS/ptm/m/n' in size <10.95> not available
(Font)              Font shape `OMS/cmsy/m/n' tried instead on input line 59.

Underfull \hbox (badness 10000) in paragraph at lines 59--69

 []


Overfull \hbox (7.91956pt too wide) in paragraph at lines 71--73
[]\T1/pcr/m/n/10.95 http://www-fourier.ujf-grenoble.fr/~parisse/castrois.pdf 
 []

[2] [3] [4

]
LaTeX Font Info:    Font shape `T1/ptm/bx/n' in size <24.88> not available
(Font)              Font shape `T1/ptm/b/n' tried instead on input line 86.
 (./castrois.toc [5])
\tf@toc=\write4
\openout4 = `castrois.toc'.

 [6] [7] (./castrois.ind [8

] [9

]) [10


]
Chapitre 1.
LaTeX Font Info:    Font shape `T1/ptm/bx/n' in size <20.74> not available
(Font)              Font shape `T1/ptm/b/n' tried instead on input line 89.
LaTeX Font Info:    Font shape `T1/ptm/bx/n' in size <14.4> not available
(Font)              Font shape `T1/ptm/b/n' tried instead on input line 90.

Overfull \hbox (5.52568pt too wide) in paragraph at lines 110--110
[]\T1/ptm/b/n/14.4 Calculs avec des nombres re-la-tifs et avec des puis-sances 

 []

[11]
Overfull \hbox (16.67966pt too wide) has occurred while \output is active
\T1/ptm/m/n/10.95 12 \T1/ptm/m/sl/10.95 CHAPITRE 1.  CALCULS : NOMBRES RELATIFS
, FRACTIONS, PUISSANCES
 []

[12]
Underfull \hbox (badness 10000) in paragraph at lines 176--179

 []


Underfull \hbox (badness 10000) in paragraph at lines 179--182

 []


Underfull \hbox (badness 10000) in paragraph at lines 182--185

 []


Overfull \hbox (46.24461pt too wide) in paragraph at lines 185--204
\T1/pcr/m/n/10.95 normal(sqrt(2)*sqrt(2+sqrt(2))*(sqrt(2+sqrt(2+sqrt(2)))* 
 []


Overfull \hbox (19.96465pt too wide) in paragraph at lines 185--204
\T1/pcr/m/n/10.95 A:=sqrt(2)*sqrt(2+sqrt(2))*(sqrt(2+sqrt(2+sqrt(2)))* 
 []


Overfull \hbox (46.24461pt too wide) in paragraph at lines 185--204
\T1/pcr/m/n/10.95 2*(sqrt(2)+2)*(sqrt(sqrt(2)+2)+2)*(-(sqrt(sqrt(2)+2))+2) 
 []

[13]
Overfull \hbox (0.25467pt too wide) in paragraph at lines 225--228
\T1/pcr/m/n/10.95 normal(2*sqrt(45)+3*sqrt(12)-sqrt(20)-6*sqrt(3)); 
 []


Overfull \hbox (52.8146pt too wide) in paragraph at lines 248--251
\T1/pcr/m/n/10.95 normal(-7/(1+sqrt(2))-(3/(2-3*sqrt(2)))*(-7/(4-sqrt(2)))) 
 []


Overfull \hbox (41.65373pt too wide) in paragraph at lines 278--290
\T1/ptm/m/n/10.95 Pour avoir le dé-tail des cal-culs il faut ap-pli-quer la fon
c-tion \T1/pcr/m/n/10.95 factoriser_entier
 []


Overfull \hbox (79.09457pt too wide) in paragraph at lines 278--290
\T1/pcr/m/n/10.95 factoriser_entier(6[]^2*20*21*28)/factoriser_entier(2[]^3*40*
3[]^3) 
 []


Overfull \hbox (16.67966pt too wide) has occurred while \output is active
\T1/ptm/m/n/10.95 14 \T1/ptm/m/sl/10.95 CHAPITRE 1.  CALCULS : NOMBRES RELATIFS
, FRACTIONS, PUISSANCES
 []

[14]
Overfull \hbox (52.8146pt too wide) in paragraph at lines 291--303
\T1/pcr/m/n/10.95 factoriser_entier(6[]^2*20*21*28)/factoriser_entier(64*3[]^3)
 
 []

[15]
Overfull \hbox (16.67966pt too wide) has occurred while \output is active
\T1/ptm/m/n/10.95 16 \T1/ptm/m/sl/10.95 CHAPITRE 1.  CALCULS : NOMBRES RELATIFS
, FRACTIONS, PUISSANCES
 []

[16

]
Chapitre 2.
[17] [18]
Overfull \hbox (2.44466pt too wide) in paragraph at lines 450--454
\T1/pcr/m/n/10.95 developper((a[]^2+a+1)*(a[]^2-a+1)-(a[]^2-1)*(a[]^4+a[]^2+1))
 
 []


Overfull \hbox (28.72462pt too wide) in paragraph at lines 454--458
\T1/pcr/m/n/10.95 normal(b*c*(b-c)+c*a*(c-a)+a*b*(a-b)+(a-b)*(b-c)*(c-a)) 
 []


Overfull \hbox (28.72462pt too wide) in paragraph at lines 458--462
\T1/pcr/m/n/10.95 normal(a[]^2*(b-c)+b[]^2*(c-a)+c[]^2*(a-b)+(a-b)*(b-c)*(c-a))
 
 []

File: factoriser.eps Graphic file (type eps)
<factoriser.eps> [19]
File: factorise.eps Graphic file (type eps)
 <factorise.eps> [20]
Chapitre 3.

Overfull \hbox (0.15546pt too wide) in paragraph at lines 550--567
\T1/pcr/m/n/10.95 tantque <condition> faire <instructions> ftantque \T1/ptm/m/n
/10.95 qui teste
 []

[21

] [22] [23] [24

]
Chapitre 4.
[25] [26]
Overfull \hbox (65.95459pt too wide) in paragraph at lines 765--787
\T1/pcr/m/n/10.95 un message donnant la solution de l'équation correspondante
 []


Overfull \hbox (13.3945pt too wide) in paragraph at lines 788--810
\T1/pcr/m/n/10.95 purge(m);resoudre(m*(x-1)+(x-3)*(x-7)>(x+1)[]^2,x) \T1/ptm/m/
n/10.95 ren-
 []


Overfull \hbox (5.21455pt too wide) in paragraph at lines 788--810
\T1/pcr/m/n/10.95 resoudre(m*(x-1)+(x-3)*(x-7)>(x+1)[]^2,x) \T1/ptm/m/n/10.95 r
en-voie un mes-
 []


Overfull \hbox (5.21455pt too wide) in paragraph at lines 788--810
\T1/pcr/m/n/10.95 resoudre(m*(x-1)+(x-3)*(x-7)>(x+1)[]^2,x) \T1/ptm/m/n/10.95 r
en-voie un mes-
 []

[27]
File: equagraph1.eps Graphic file (type eps)
 <equagraph1.eps>
Overfull \hbox (38.32506pt too wide) in paragraph at lines 832--841
[] 
 []


Underfull \vbox (badness 4013) has occurred while \output is active []

 [28]
File: equagraph2.eps Graphic file (type eps)

<equagraph2.eps>
Overfull \hbox (38.32506pt too wide) in paragraph at lines 841--852
[] 
 []

File: equagraph3.eps Graphic file (type eps)
<equagraph3.eps>
Overfull \hbox (38.32506pt too wide) in paragraph at lines 855--866
[] 
 []


Overfull \hbox (17.93729pt too wide) has occurred while \output is active
\T1/ptm/m/sl/10.95 4.4.  RÉSOUDRE UNE ÉQUATION OU UNE INÉQUATION GRAPHIQUEMENT 
\T1/ptm/m/n/10.95 29
 []

[29]
File: equagraph4.eps Graphic file (type eps)
 <equagraph4.eps>
Overfull \hbox (125.08452pt too wide) in paragraph at lines 866--872
\T1/pcr/m/n/10.95 plotfunc((3x-4)/(x-1),x,affichage=rouge),droite(y=3,affichage
=bleu), 
 []


Overfull \hbox (38.32506pt too wide) in paragraph at lines 866--872
[] 
 []

[30]
Chapitre 5.

Underfull \hbox (badness 10000) in paragraph at lines 878--879

 []


Underfull \hbox (badness 10000) in paragraph at lines 922--928

 []


Underfull \hbox (badness 10000) in paragraph at lines 929--936

 []

[31

]
Underfull \hbox (badness 10000) in paragraph at lines 976--977

 []

File: systgraph.eps Graphic file (type eps)
<systgraph.eps>
File: systgraph2.eps Graphic file (type eps)
 <systgraph2.eps>
Underfull \vbox (badness 1881) has occurred while \output is active []

 [32]
Underfull \vbox (badness 10000) has occurred while \output is active []

 [33]
Underfull \hbox (badness 10000) in paragraph at lines 1049--1056

 []

File: systgraph1.eps Graphic file (type eps)
<systgraph1.eps>
Overfull \hbox (27.37506pt too wide) in paragraph at lines 1057--1145
[] 
 []


Overfull \hbox (17.66515pt too wide) in paragraph at lines 1057--1145
\T1/pcr/m/n/10.95 assume(m=[0,20,50,1]) d1:=droite(x+y=m,affichage=bleu) 
 []


Overfull \hbox (2.44466pt too wide) in paragraph at lines 1057--1145
\T1/pcr/m/n/10.95 SM:=([5*(M[k]-20)/3,-2*(M[k]-50)/3,20+3k]$(k=0..10) 
 []


Overfull \hbox (15.58464pt too wide) in paragraph at lines 1057--1145
\T1/pcr/m/n/10.95 [0,20,20],[5,18,23],[10,16,26],[15,14,29],[20,12,32],
 []


Overfull \hbox (9.01465pt too wide) in paragraph at lines 1057--1145
\T1/pcr/m/n/10.95 [25,10,35], [30,8,38],[35,6,41],[40,4,44],[45,2,47], 
 []

[34]
Underfull \vbox (badness 10000) has occurred while \output is active []

 [35]
Underfull \vbox (badness 10000) has occurred while \output is active []

 [36]
[37] [38

]
Chapitre 6.

Underfull \vbox (badness 10000) has occurred while \output is active []

 [39]
File: graphef.eps Graphic file (type eps)

<graphef.eps> [40]
Chapitre 7.

Underfull \hbox (badness 10000) in paragraph at lines 1244--1248

 []


Overfull \hbox (60.56422pt too wide) in paragraph at lines 1249--1264
\T1/ptm/m/n/10.95 On ob-tient : \T1/pcr/m/n/10.95 Le graphe de la droite d'équa
tion $\OML/cmm/m/it/10.95 y \OT1/cmr/m/n/10.95 = \OML/cmm/m/it/10.95 ax$ \T1/pc
r/m/n/10.95 pour différentes
 []


Underfull \hbox (badness 10000) in paragraph at lines 1249--1264

 []


Underfull \hbox (badness 10000) in paragraph at lines 1266--1286

 []

[41

]
Overfull \hbox (4.83694pt too wide) in paragraph at lines 1287--1287
[]\T1/ptm/b/n/14.4 Représentation gra-phique des so-lu-tions $\OT1/cmr/m/n/14.4
 (\OML/cmm/m/it/14.4 x; y$ \T1/ptm/b/n/14.4 de l'équa-
 []


Overfull \hbox (40.76952pt too wide) in paragraph at lines 1306--1336
\T1/pcr/m/n/10.95 le dessin de la droite passant par les points (1,2) et (3,-1)
 
 []


Overfull \hbox (20.25099pt too wide) in paragraph at lines 1306--1336
\T1/pcr/m/n/10.95 le dessin de la droite parallèle à l'axe des $\OML/cmm/m/it/1
0.95 y$ \T1/pcr/m/n/10.95 passant par
 []


Overfull \hbox (20.74777pt too wide) in paragraph at lines 1306--1336
\T1/pcr/m/n/10.95 le dessin de la droite parallèle à l'axe des $\OML/cmm/m/it/1
0.95 x$ \T1/pcr/m/n/10.95 passant par
 []

[42]
File: mondrian1.eps Graphic file (type eps)
 <mondrian1.eps>
Underfull \vbox (badness 10000) has occurred while \output is active []

 [43]
Overfull \hbox (7.91956pt too wide) in paragraph at lines 1378--1378
[]\T1/pcr/m/n/10.95 segment(9/2+0.2i,20/3+0.2i,affichage=epaisseur_ligne_3);[] 

 []


Overfull \hbox (7.91956pt too wide) in paragraph at lines 1378--1378
[]\T1/pcr/m/n/10.95 segment(23/3+0.8i,8+0.8i, affichage=epaisseur_ligne_3);;[] 

 []


Underfull \hbox (badness 10000) in paragraph at lines 1380--1388

 []


Underfull \vbox (badness 10000) has occurred while \output is active []

 [44]
Underfull \hbox (badness 10000) in paragraph at lines 1390--1393

 []


Underfull \hbox (badness 10000) in paragraph at lines 1393--1395

 []

LaTeX Font Info:    Font shape `T1/ptm/bx/n' in size <12> not available
(Font)              Font shape `T1/ptm/b/n' tried instead on input line 1413.

Underfull \hbox (badness 10000) in paragraph at lines 1417--1423

 []

[45]
Underfull \hbox (badness 10000) in paragraph at lines 1440--1453

 []


Underfull \hbox (badness 10000) in paragraph at lines 1454--1456

 []


Overfull \hbox (1.61403pt too wide) in paragraph at lines 1478--1482
\T1/ptm/m/n/10.95 Par exemple : \T1/pcr/m/n/10.95 cercle(point(1,2),point(0,3),
pi/6,2pi/3) 
 []

[46]
Overfull \hbox (30.14449pt too wide) in paragraph at lines 1488--1493
\T1/ptm/m/n/10.95 l'arc et le point \T1/pcr/m/n/10.95 C \T1/ptm/m/n/10.95 qui e
st le centre du cercle sup-por-tant l'arc (\T1/pcr/m/n/10.95 coordonnees(C)
 []


Overfull \hbox (27.62953pt too wide) in paragraph at lines 1495--1500
\T1/pcr/m/n/10.95 cercle(point(1,2),point(0,3),pi/6,2pi/3,affichage=rempli+4) 
 []

File: delaunay.eps Graphic file (type eps)
<delaunay.eps> [47] [48]
Chapitre 8.

Underfull \hbox (badness 10000) in paragraph at lines 1539--1548

 []

File: troishist.eps Graphic file (type eps)
<troishist.eps>
File: troisbat.eps Graphic file (type eps)
 <troisbat.eps>
File: trisbatab.eps Graphic file (type eps)
 <trisbatab.eps>
File: troishist1.eps Graphic file (type eps)
 <troishist1.eps>
Overfull \hbox (113.03943pt too wide) in paragraph at lines 1549--1641
\T1/pcr/m/n/10.95 R:=[]; pour j de 1 jusque 25 faire R:=append(L,alea(6)+alea(6
)+2);fpour; 
 []


Overfull \hbox (132.7494pt too wide) in paragraph at lines 1549--1641
\T1/pcr/m/n/10.95 pour j de 1 jusque 25 faire k:=alea(6)+alea(6)+2;R:=R,k;L[k]:
=L[k]+1;fpour; 
 []


Overfull \hbox (21.05954pt too wide) in paragraph at lines 1549--1641
\T1/pcr/m/n/10.95 puis on sélectionne A1 et on tape Ctrl+d pour remplir vers
 []


Overfull \hbox (21.05954pt too wide) in paragraph at lines 1549--1641
\T1/pcr/m/n/10.95 puis on sélectionne B0 et on tape Ctrl+d pour remplir vers
 []


Overfull \hbox (1.34956pt too wide) in paragraph at lines 1549--1641
\T1/pcr/m/n/10.95 Dans C2 on va mettre le nombre de fois qu'il y a 2 dans
 []


Overfull \hbox (14.48955pt too wide) in paragraph at lines 1549--1641
\T1/pcr/m/n/10.95 B et dans C3 on mettre le nombre de fois qu'il y a 3 dans
 []


Overfull \hbox (27.62953pt too wide) in paragraph at lines 1549--1641
\T1/pcr/m/n/10.95 Pour cela, on tape dans C2 :=count_eq(A2,[$B$0:$B$39]) puis
 []


Overfull \hbox (7.91956pt too wide) in paragraph at lines 1549--1641
\T1/pcr/m/n/10.95 on sélectionne C2 et on tape Ctrl+d pour remplir vers le
 []


Overfull \hbox (7.91956pt too wide) in paragraph at lines 1549--1641
\T1/pcr/m/n/10.95 stats-1d->diagramme_batons et on met A2:A12,C dans plage
 []


Overfull \hbox (1.98654pt too wide) in paragraph at lines 1549--1641
\T1/pcr/m/n/10.95 On obtient dans D0 \T1/ptm/m/n/10.95 : \T1/pcr/m/n/10.95 =dia
gramme_batons([[2,1],...[12,0]]) 
 []


Overfull \hbox (187.38985pt too wide) in paragraph at lines 1549--1641
\T1/pcr/m/n/10.95 LL:=[0$ 13] pour j de 1 jusque 1000 faire k:=alea(6)+alea(6)+
2;LL[k]:=LL[k]+1;fpour; 
 []


Overfull \hbox (178.73935pt too wide) in paragraph at lines 1549--1641
\T1/pcr/m/n/10.95 [0,0,33/1000,31/500,39/500,1/10,73/500,21/125,31/250,11/100,1
9/200,11/200,29/1000] 
 []


Overfull \hbox (113.03943pt too wide) in paragraph at lines 1549--1641
\T1/pcr/m/n/10.95 [0.0,0.0,0.033,0.062,0.078,0.1,0.146,0.168,0.124,0.11,0.095,0
.055,0.029] 
 []

[49

]
Underfull \vbox (badness 10000) has occurred while \output is active []

 [50]
Underfull \vbox (badness 10000) has occurred while \output is active []

 [51]
Overfull \hbox (7.91956pt too wide) in paragraph at lines 1655--1662
\T1/pcr/m/n/10.95 1/36, 1/18, 1/12, 1/9, 5/36, 1/6, 5/36, 1/9, 1/12, 1/18,
 []


Overfull \hbox (47.33951pt too wide) in paragraph at lines 1655--1662
\T1/pcr/m/n/10.95 evalf([1/36,1/18,1/12,1/9,5/36,1/6,5/36,1/9,1/12,1/18,1/36],3
) 
 []


Overfull \hbox (80.18947pt too wide) in paragraph at lines 1655--1662
\T1/pcr/m/n/10.95 [0.028,0.056,0.083,0.111,0.139,0.167,0.139,0.111,0.083,0.056,
0.028] 
 []

[52]
Chapitre 9.

Underfull \hbox (badness 10000) in paragraph at lines 1671--1680

 []


Underfull \hbox (badness 10000) in paragraph at lines 1695--1698

 []

[53

]
Underfull \hbox (badness 10000) in paragraph at lines 1711--1719

 []

[54]
Underfull \hbox (badness 10000) in paragraph at lines 1753--1762

 []

[55]
Underfull \hbox (badness 10000) in paragraph at lines 1828--1831

 []


Underfull \hbox (badness 10000) in paragraph at lines 1832--1842

 []


Underfull \hbox (badness 10000) in paragraph at lines 1843--1852

 []


Overfull \hbox (1.35033pt too wide) in paragraph at lines 1853--1884
\OT1/cmr/m/n/10.95 163\OML/cmm/m/it/10.95 =\OT1/cmr/m/n/10.95 15000 + 148 \OMS/
cmsy/m/n/10.95 ^^C \OT1/cmr/m/n/10.95 1\OML/cmm/m/it/10.95 =\OT1/cmr/m/n/10.95 
1875 + 998 \OMS/cmsy/m/n/10.95 ^^C \OT1/cmr/m/n/10.95 1\OML/cmm/m/it/10.95 =\OT
1/cmr/m/n/10.95 50000 + 14998 \OMS/cmsy/m/n/10.95 ^^C \OT1/cmr/m/n/10.95 1\OML/
cmm/m/it/10.95 =\OT1/cmr/m/n/10.95 375000 = \OMS/cmsy/m/n/10.95 ^^@\OT1/cmr/m/n
/10.95 12751\OML/cmm/m/it/10.95 =\OT1/cmr/m/n/10.95 18750 \OMS/cmsy/m/n/10.95 '

 []

[56] [57]
Underfull \hbox (badness 10000) in paragraph at lines 1910--1914

 []


Underfull \hbox (badness 10000) in paragraph at lines 1915--1925

 []


Underfull \hbox (badness 10000) in paragraph at lines 1926--1935

 []


Overfull \hbox (0.54875pt too wide) in paragraph at lines 1936--1974
\T1/ptm/m/n/10.95 Puisque 1560000/15000000.=0.104, on peut donc dire que le pa-
rieur à 10.4 chances
 []

[58]
Underfull \hbox (badness 10000) in paragraph at lines 1977--1982

 []


Underfull \hbox (badness 10000) in paragraph at lines 1987--1995

 []

[59]
Overfull \hbox (16.15958pt too wide) in paragraph at lines 2029--2045
\T1/pcr/m/n/10.95 sqrt((-2-m2)[]^2*957/1000+sum((n-m2)[]^2,n=1..30)*1/1000+ 
 []

[60]
Underfull \hbox (badness 10000) in paragraph at lines 2058--2068

 []


Underfull \hbox (badness 10000) in paragraph at lines 2069--2070

 []


Underfull \hbox (badness 10000) in paragraph at lines 2071--2074

 []


Underfull \hbox (badness 10000) in paragraph at lines 2082--2095

 []

[61]
Underfull \hbox (badness 10000) in paragraph at lines 2113--2115

 []


Overfull \hbox (68.14458pt too wide) in paragraph at lines 2149--2149
 []    \T1/pcr/m/n/10.95 m:=m+(102*p-2*n)/n*comb(990,n-p)*comb(10,p)/comb(1000,
n);[] 
 []


Overfull \hbox (87.85455pt too wide) in paragraph at lines 2149--2149
 []    \T1/pcr/m/n/10.95 sigma2:=sigma2+((102*p-2*n)/n-m)^2*comb(990,n-p)*comb(
10,p)/[] 
 []


Overfull \hbox (81.28456pt too wide) in paragraph at lines 2149--2149
 []      \T1/pcr/m/n/10.95 m:=m+(102*p-2*n)/n*comb(990,n-p)*comb(10,p)/comb(100
0,n);[] 
 []


Overfull \hbox (100.99454pt too wide) in paragraph at lines 2149--2149
 []      \T1/pcr/m/n/10.95 sigma2:=sigma2+((102*p-2*n)/n-m)^2*comb(990,n-p)*com
b(10,p)/[] 
 []


Overfull \hbox (81.28456pt too wide) in paragraph at lines 2149--2149
 []      \T1/pcr/m/n/10.95 m:=m+(102*p-2*n)/n*comb(990,n-p)*comb(10,p)/comb(100
0,n);[] 
 []


Overfull \hbox (100.99454pt too wide) in paragraph at lines 2149--2149
 []      \T1/pcr/m/n/10.95 sigma2:=sigma2+((102*p-2*n)/n-m)^2*comb(990,n-p)*com
b(10,p)/[] 
 []

[62]
Overfull \hbox (28.72462pt too wide) in paragraph at lines 2163--2163
 []    \T1/pcr/m/n/10.95 msn:=msigma(n);mn:=evalf(msn[0]);sn:=evalf(msn[1]);[] 

 []

File: ecartype.eps Graphic file (type eps)
<ecartype.eps>
Overfull \hbox (27.37506pt too wide) in paragraph at lines 2164--2168
[] 
 []


Underfull \hbox (badness 10000) in paragraph at lines 2164--2168

 []


Overfull \hbox (1.94063pt too wide) in paragraph at lines 2171--2189
\T1/pcr/m/n/10.95 comb(10,k)*comb(990,10-k)/comb(1000,10) \T1/ptm/m/n/10.95 pou
r $\OML/cmm/m/it/10.95 k \OT1/cmr/m/n/10.95 = 0\OML/cmm/m/it/10.95 ::\OT1/cmr/m
/n/10.95 10$ 
 []


Overfull \hbox (52.8146pt too wide) in paragraph at lines 2171--2189
\T1/pcr/m/n/10.95 P5:=[(comb(10,k)*comb(990,10-k)/comb(1000,10))$(k=0..10)] 
 []


Overfull \hbox (33.10463pt too wide) in paragraph at lines 2171--2189
\T1/pcr/m/n/10.95 [0.904,0.09215,0.0038,8.248e-05,1.027e-06,7.505e-09,3.
 []


Overfull \hbox (1.81778pt too wide) in paragraph at lines 2171--2189
\T1/pcr/m/n/10.95 ecart_type(V5,P5) \T1/ptm/m/n/10.95 soit \T1/pcr/m/n/10.95 28
05*sqrt(111)/925$\OMS/cmsy/m/n/10.95 '$ \T1/ptm/m/n/10.95 31.948658137 
 []


Overfull \hbox (52.8146pt too wide) in paragraph at lines 2190--2206
\T1/pcr/m/n/10.95 binomial(10,k,1/100)=comb(10,k)*(1/100)[]^k*(99/100)[]^(10-k)

 []


Overfull \hbox (39.67462pt too wide) in paragraph at lines 2190--2206
\T1/pcr/m/n/10.95 [0.9044,0.09135,0.004152,0.0001118,1.977e-06,2.396e-08,
 []


Overfull \hbox (16.5808pt too wide) in paragraph at lines 2190--2206
\T1/pcr/m/n/10.95 2.017e-10,1.164e-12,4.41e-15,9.9e-18,1e-20] \T1/ptm/m/n/10.95
 La moyenne
 []


Underfull \hbox (badness 10000) in paragraph at lines 2190--2206

 []

[63]
Overfull \hbox (15.08061pt too wide) in paragraph at lines 2206--2224
\T1/pcr/m/n/10.95 comb(10,k)*comb(990,100-k)/comb(1000,100) \T1/ptm/m/n/10.95 p
our $\OML/cmm/m/it/10.95 k \OT1/cmr/m/n/10.95 = 0\OML/cmm/m/it/10.95 ::\OT1/cmr
/m/n/10.95 10$ 
 []


Overfull \hbox (65.95459pt too wide) in paragraph at lines 2206--2224
\T1/pcr/m/n/10.95 P7:=[(comb(10,k)*comb(990,100-k)/comb(1000,100))$(k=0..10)] 
 []


Overfull \hbox (315.61429pt too wide) in paragraph at lines 2206--2224
\T1/pcr/m/n/10.95 [0.3469,0.3894,0.1945,0.05691,0.01081,0.001391,0.0001229,7.35
9e-06,2.858e-07,6.499e-09,6.572e-11] 
 []


Overfull \hbox (0.72278pt too wide) in paragraph at lines 2206--2224
\T1/pcr/m/n/10.95 ecart_type(V7,P7) \T1/ptm/m/n/10.95 soit \T1/pcr/m/n/10.95 10
2*sqrt(1221)/37$\OMS/cmsy/m/n/10.95 '$ \T1/ptm/m/n/10.95 96.3288287235 
 []


Overfull \hbox (493.00407pt too wide) in paragraph at lines 2225--2241
\T1/pcr/m/n/10.95 [0.366,0.3697,0.1849,0.061,0.01494,0.002898,0.0004635,6.286e-
05,7.382e-06,7.622e-07,7.006e-08,5.79e-09,4.338e-10,2.966e-11]]
 []


Underfull \hbox (badness 10000) in paragraph at lines 2225--2241

 []


Underfull \vbox (badness 10000) has occurred while \output is active []

 [64]
File: ecartbi.eps Graphic file (type eps)

<ecartbi.eps>
Overfull \hbox (59.3846pt too wide) in paragraph at lines 2242--2249
\T1/pcr/m/n/10.95 [point(V7[k],P7[k],affichage=epaisseur_point_2)$(k=0..10),
 []


Overfull \hbox (65.95459pt too wide) in paragraph at lines 2242--2249
\T1/pcr/m/n/10.95 point(V8[k],P8[k],affichage=1+point_plus+epaisseur_point_2) 
 []


Overfull \hbox (38.32506pt too wide) in paragraph at lines 2242--2249
[] 
 []

[65] [66

]
Chapitre 10.

Underfull \hbox (badness 10000) in paragraph at lines 2258--2270

 []


Overfull \hbox (19.81232pt too wide) in paragraph at lines 2278--2306
\T1/ptm/m/n/10.95 Ou bien on uti-lise la fonc-tion \T1/pcr/m/n/10.95 pa2b2 \T1/
ptm/m/n/10.95 de \T1/pcr/m/n/10.95 Xcas \T1/ptm/m/n/10.95 qui fait cette dé-com
-po-si-tion. \T1/pcr/m/n/10.95 pa2b2(p)
 []

[67]
File: troistri.eps Graphic file (type eps)
 <troistri.eps> [68]
Underfull \hbox (badness 10000) in paragraph at lines 2339--2359

 []

[69]
File: troisrect.eps Graphic file (type eps)
 <troisrect.eps>
Underfull \hbox (badness 10000) in paragraph at lines 2385--2387

 []


Underfull \hbox (badness 10000) in paragraph at lines 2388--2404

 []

[70]
Overfull \hbox (67.04948pt too wide) in paragraph at lines 2405--2429
\T1/pcr/m/n/10.95 resoudre_systeme_lineaire([x+z=81,y+z=49,y+t=4,x+t=36],[x,y,z
,t])
 []

File: castrois1.eps Graphic file (type eps)
<castrois1.eps>
Underfull \hbox (badness 10000) in paragraph at lines 2441--2459

 []


Underfull \vbox (badness 10000) has occurred while \output is active []

 [71]
[72] [73] [74

]
Chapitre 11.

Underfull \hbox (badness 10000) in paragraph at lines 2491--2502

 []


Underfull \hbox (badness 10000) in paragraph at lines 2523--2524

 []

[75]
Underfull \hbox (badness 10000) in paragraph at lines 2551--2552

 []

File: tetraedre.eps Graphic file (type eps)
<tetraedre.eps>
Overfull \hbox (27.37506pt too wide) in paragraph at lines 2563--2565
[] 
 []


Underfull \hbox (badness 10000) in paragraph at lines 2563--2565

 []


Underfull \vbox (badness 10000) has occurred while \output is active []

 [76]
Overfull \hbox (48.4346pt too wide) in paragraph at lines 2565--2581
\T1/pcr/m/n/10.95 normal(coordonnees(milieu(S1,S3)))==normal(coordonnees(A)) 
 []


Underfull \hbox (badness 10000) in paragraph at lines 2593--2601

 []


Underfull \vbox (badness 10000) has occurred while \output is active []

 [77]
File: tetrareg.eps Graphic file (type eps)

<tetrareg.eps>
File: troisgeo33.eps Graphic file (type eps)
 <troisgeo33.eps>
Underfull \hbox (badness 10000) in paragraph at lines 2626--2629

 []


Underfull \vbox (badness 10000) has occurred while \output is active []

 [78]
File: troisgeo0.eps Graphic file (type eps)

<troisgeo0.eps>
Underfull \vbox (badness 10000) has occurred while \output is active []

 [79]
Underfull \hbox (badness 10000) in paragraph at lines 2651--2654

 []

[80]
File: troisgeo1.eps Graphic file (type eps)
 <troisgeo1.eps>
Overfull \hbox (53.9095pt too wide) in paragraph at lines 2699--2772
\T1/pcr/m/n/10.95 c:=longueur(A,B);b:=longueur(A,C);a:=longueur(C,B);p:=(a+b+c)
/2 
 []


Overfull \hbox (53.9095pt too wide) in paragraph at lines 2699--2772
\T1/pcr/m/n/10.95 S:=sqrt(p*(p-a)*(p-b)*(p-c));2*S/c;R:=a*b*c/4/S;sqrt(4*R[]^2-
c[]^2) 
 []

[81]
Underfull \vbox (badness 10000) has occurred while \output is active []

 [82]
Overfull \hbox (34.19952pt too wide) in paragraph at lines 2789--2789
[]\T1/pcr/m/n/10.95 retourne triangle(M,P,S1),triangle(N,M,S2),triangle(N,P,S3)
;[] 
 []

File: troisgeo34.eps Graphic file (type eps)
<troisgeo34.eps> [83] [84

]
Chapitre 12.

Overfull \hbox (32.7172pt too wide) in paragraph at lines 2800--2847
\T1/ptm/m/n/10.95 2595.92037452*1.038=2694.56534875$\OMS/cmsy/m/n/10.95 '$ \T1/
ptm/m/n/10.95 2694.57 eu-ros (ou en-core $\OML/cmm/m/it/10.95 A[]$ \T1/ptm/m/n/
10.95 =-6905.43465124
 []


Overfull \hbox (49.34987pt too wide) in paragraph at lines 2800--2847
\T1/ptm/m/n/10.95 donc au 1ier jan-vier 2028 il fau-dra en-core rem-bour-ser 96
00-6905.43465124=2694.56534876$\OMS/cmsy/m/n/10.95 '$
 []


Overfull \hbox (57.90155pt too wide) in paragraph at lines 2800--2847
\T1/ptm/m/n/10.95 vier à la fin de l'an-née 2028 il fau-dra en-core rem-bour-se
r 6251.94053315*1.04=6502.01815448$\OMS/cmsy/m/n/10.95 '$
 []

[85]
File: airearc.eps Graphic file (type eps)
 <airearc.eps>
Underfull \hbox (badness 10000) in paragraph at lines 2849--2856

 []

[86]
File: airearc1.eps Graphic file (type eps)
 <airearc1.eps> [87]
File: trapaire.eps Graphic file (type eps)
 <trapaire.eps> [88]
Underfull \hbox (badness 10000) in paragraph at lines 2927--2934

 []


Underfull \hbox (badness 10000) in paragraph at lines 2934--2940

 []


Underfull \hbox (badness 10000) in paragraph at lines 2946--2948

 []


Underfull \hbox (badness 10000) in paragraph at lines 2959--2960

 []

[89]
Overfull \hbox (35.86955pt too wide) in paragraph at lines 2985--2985
 []\T1/pcr/m/n/10.95 si b2!=a2 alors retourne "AB n'est pas horizontal"; fsi;[]
 
 []


Overfull \hbox (35.86955pt too wide) in paragraph at lines 2985--2985
 []\T1/pcr/m/n/10.95 si b2!=a2 alors retourne "AB n'est pas horizontal"; fsi;[]
 
 []

File: trapedg.eps Graphic file (type eps)
<trapedg.eps>
Overfull \hbox (27.95pt too wide) in paragraph at lines 2986--2990
[] 
 []


Overfull \hbox (35.86955pt too wide) in paragraph at lines 3014--3014
 []\T1/pcr/m/n/10.95 si b2!=a2 alors retourne "AB n'est pas horizontal"; fsi;[]
 
 []


Underfull \vbox (badness 10000) has occurred while \output is active []

 [90]
Overfull \hbox (35.86955pt too wide) in paragraph at lines 3014--3014
 []\T1/pcr/m/n/10.95 si b2!=a2 alors retourne "AB n'est pas horizontal"; fsi;[]
 
 []

File: trapedgr.eps Graphic file (type eps)
<trapedgr.eps>
Overfull \hbox (27.95pt too wide) in paragraph at lines 3015--3019
[] 
 []


Overfull \hbox (35.86955pt too wide) in paragraph at lines 3056--3056
 []\T1/pcr/m/n/10.95 si b2!=a2 alors retourne "AB n'est pas horizontal"; fsi;[]
 
 []


Overfull \hbox (35.86955pt too wide) in paragraph at lines 3056--3056
 []\T1/pcr/m/n/10.95 si b2!=a2 alors retourne "AB n'est pas horizontal"; fsi;[]
 
 []


Underfull \vbox (badness 10000) has occurred while \output is active []

 [91]
File: pavagedr.eps Graphic file (type eps)

<pavagedr.eps>
Overfull \hbox (3.01959pt too wide) in paragraph at lines 3057--3061
\T1/pcr/m/n/10.95 pavaged(0,10),pavagedr(point(12),point(25),1,2,3,4) 
 []


Overfull \hbox (27.95pt too wide) in paragraph at lines 3057--3061
[] 
 []


Overfull \hbox (35.86955pt too wide) in paragraph at lines 3101--3101
 []\T1/pcr/m/n/10.95 si b2!=a2 alors retourne "AB n'est pas horizontal"; fsi;[]
 
 []


Underfull \vbox (badness 10000) has occurred while \output is active []

 [92]
File: pavagegr.eps Graphic file (type eps)

<pavagegr.eps>
Overfull \hbox (27.95pt too wide) in paragraph at lines 3102--3106
[] 
 []


Underfull \vbox (badness 10000) has occurred while \output is active []

 [93]
Overfull \hbox (16.15958pt too wide) in paragraph at lines 3181--3181
 []\T1/pcr/m/n/10.95 retourne quadrilatere(A,B,C,D,affichage=rempli+coul);[] 
 []


Underfull \vbox (badness 10000) has occurred while \output is active []

 [94]
Overfull \hbox (16.15958pt too wide) in paragraph at lines 3181--3181
 []\T1/pcr/m/n/10.95 retourne quadrilatere(A,B,C,D,affichage=rempli+coul);[] 
 []


Underfull \vbox (badness 10000) has occurred while \output is active []

 [95]
File: pavagedgv.eps Graphic file (type eps)

<pavagedgv.eps>
Overfull \hbox (9.58958pt too wide) in paragraph at lines 3242--3246
\T1/pcr/m/n/10.95 pavagedvr(0,10*i,1,2,3,4),pavagegvr(2,2+10i,1,2,3,4) 
 []


Overfull \hbox (27.95pt too wide) in paragraph at lines 3242--3246
[] 
 []

File: trapezist4.eps Graphic file (type eps)
<trapezist4.eps>
Overfull \hbox (27.95pt too wide) in paragraph at lines 3258--3263
[] 
 []


Underfull \vbox (badness 10000) has occurred while \output is active []

 [96]
File: trapesiste4.eps Graphic file (type eps)

<trapesiste4.eps>
Overfull \hbox (27.95pt too wide) in paragraph at lines 3273--3277
[] 
 []

File: trapeze16.eps Graphic file (type eps)
<trapeze16.eps>
Overfull \hbox (27.95pt too wide) in paragraph at lines 3288--3292
[] 
 []


Underfull \vbox (badness 10000) has occurred while \output is active []

 [97]
Overfull \hbox (16.15958pt too wide) in paragraph at lines 3309--3309
 []\T1/pcr/m/n/10.95 L:=L,trapgvr(3+1.5*i,3,c4),trapgvr(3+3*i,4.5+3*i,c4);[] 
 []

File: traptapis.eps Graphic file (type eps)
<traptapis.eps>
File: trapetap.eps Graphic file (type eps)
 <trapetap.eps>
Overfull \hbox (27.95pt too wide) in paragraph at lines 3310--3318
[]
 []


Overfull \hbox (27.95pt too wide) in paragraph at lines 3310--3318
[] 
 []


Underfull \vbox (badness 10000) has occurred while \output is active []

 [98]
File: bassin.eps Graphic file (type eps)

<bassin.eps>
File: bassin1.eps Graphic file (type eps)
 <bassin1.eps>
Underfull \hbox (badness 10000) in paragraph at lines 3321--3341

 []


Underfull \vbox (badness 10000) has occurred while \output is active []

 [99]
Underfull \hbox (badness 10000) in paragraph at lines 3342--3355

 []


Underfull \vbox (badness 10000) has occurred while \output is active []

 [100]
Overfull \hbox (244.43927pt too wide) in paragraph at lines 3369--3401
\T1/pcr/m/n/10.95 B1:=cercle(-5/2,r,-pi/3,4*pi/3), segment(-5/2+r*(-1/2-i*sqrt(
3)/2),-5/2+r*(1/2-i*sqrt(3)/2)) 
 []


Overfull \hbox (159.02937pt too wide) in paragraph at lines 3369--3401
\T1/pcr/m/n/10.95 B2:=cercle(0,r,-pi/4,5*pi/4), segment(r*(-sqrt(2)/2*(1+i)),r*
(sqrt(2)/2*(1-i))) 
 []


Overfull \hbox (198.44933pt too wide) in paragraph at lines 3369--3401
\T1/pcr/m/n/10.95 B3:=cercle(5/2,r,-pi/6,7*pi/6), segment(5/2+r*(-sqrt(3)/2-i/2
),5/2+r*(sqrt(3)/2-i/2)) 
 []


Overfull \hbox (362.69913pt too wide) in paragraph at lines 3369--3401
\T1/pcr/m/n/10.95 S1:=aire(cercle(-5/2,r,-pi/3,4*pi/3))+aire(triangle( -5/2,-5/
2+r*(-1/2-i*sqrt(3)/2),-5/2+r*(1/2-i*sqrt(3)/2))) 
 []


Overfull \hbox (257.57925pt too wide) in paragraph at lines 3369--3401
\T1/pcr/m/n/10.95 S2:=aire(cercle(0,1,-pi/4,5*pi/4))+aire(triangle( 0,r*(-sqrt(
2)/2*(1+i)),r*(sqrt(2)/2*(1-i)))) 
 []


Overfull \hbox (310.13919pt too wide) in paragraph at lines 3369--3401
\T1/pcr/m/n/10.95 S3:=aire(cercle(5/2,r,-pi/6,7*pi/6))+aire(triangle( 5/2,5/2+r
*(-sqrt(3)/2-i/2),5/2+r*(sqrt(3)/2-i/2))) 
 []


Underfull \hbox (badness 10000) in paragraph at lines 3369--3401

 []


Overfull \hbox (21.25226pt too wide) in paragraph at lines 3402--3462
\T1/ptm/m/n/10.95 Le bas-sin $\OML/cmm/m/it/10.95 C[]$ \T1/ptm/m/n/10.95 est co
nsti-tué de 2 demi-cercles de rayon $\OML/cmm/m/it/10.95 r[] \OT1/cmr/m/n/10.95
 = 6(2 \OMS/cmsy/m/n/10.95 ^^@ []\OT1/cmr/m/n/10.95 ) \OMS/cmsy/m/n/10.95 ' \OT
1/cmr/m/n/10.95 1\OML/cmm/m/it/10.95 :\OT1/cmr/m/n/10.95 60769515459$
 []


Overfull \hbox (16.43597pt too wide) in paragraph at lines 3402--3462
\T1/ptm/m/n/10.95 Le bas-sin $\OML/cmm/m/it/10.95 C[]$ \T1/ptm/m/n/10.95 est le
 même que $\OML/cmm/m/it/10.95 B[]$ \T1/ptm/m/n/10.95 Donc son aire vaut : $\OT
1/cmr/m/n/10.95 2\OML/cmm/m/it/10.95 ^^Y=\OT1/cmr/m/n/10.95 3 \OMS/cmsy/m/n/10.
95 ^^C \OT1/cmr/m/n/10.95 2[] + [] \OMS/cmsy/m/n/10.95 ' \OT1/cmr/m/n/10.95 10\
OML/cmm/m/it/10.95 :\OT1/cmr/m/n/10.95 1096312171$ 
 []


Underfull \hbox (badness 10000) in paragraph at lines 3402--3462

 []

[101]
File: bassin01.eps Graphic file (type eps)
 <bassin01.eps>
File: bassin23.eps Graphic file (type eps)
 <bassin23.eps>
Underfull \vbox (badness 10000) has occurred while \output is active []

 [102]
Underfull \vbox (badness 10000) has occurred while \output is active []

 [103]
[104] (./castrois.aux) ) 
Here is how much of TeX's memory you used:
 5435 strings out of 493748
 71440 string characters out of 3143570
 169490 words of memory out of 3000000
 8574 multiletter control sequences out of 15000+200000
 36677 words of font info for 80 fonts, out of 3000000 for 9000
 714 hyphenation exceptions out of 8191
 39i,14n,51p,291b,423s stack positions out of 5000i,500n,10000p,200000b,50000s

Output written on castrois.dvi (104 pages, 224616 bytes).
