This is e-TeX, Version 3.14159-2.1 (Web2C 7.4.5) (format=latex 2004.9.27)  13 NOV 2007 13:33
entering extended mode
\write18 enabled.
**\nonstopmode\input graphic.tex
(./graphic.tex (/usr/share/texmf/tex/latex/base/book.cls
Document Class: book 2001/04/21 v1.4e Standard LaTeX document class
(/usr/share/texmf/tex/latex/base/bk11.clo
File: bk11.clo 2001/04/21 v1.4e Standard LaTeX file (size option)
)
\c@part=\count79
\c@chapter=\count80
\c@section=\count81
\c@subsection=\count82
\c@subsubsection=\count83
\c@paragraph=\count84
\c@subparagraph=\count85
\c@figure=\count86
\c@table=\count87
\abovecaptionskip=\skip41
\belowcaptionskip=\skip42
\bibindent=\dimen102
)
(/usr/share/texmf/tex/latex/amsmath/amsmath.sty
Package: amsmath 2000/07/18 v2.13 AMS math features
\@mathmargin=\skip43

For additional information on amsmath, use the `?' option.
(/usr/share/texmf/tex/latex/amsmath/amstext.sty
Package: amstext 2000/06/29 v2.01

(/usr/share/texmf/tex/latex/amsmath/amsgen.sty
File: amsgen.sty 1999/11/30 v2.0
\@emptytoks=\toks14
\ex@=\dimen103
))
(/usr/share/texmf/tex/latex/amsmath/amsbsy.sty
Package: amsbsy 1999/11/29 v1.2d
\pmbraise@=\dimen104
)
(/usr/share/texmf/tex/latex/amsmath/amsopn.sty
Package: amsopn 1999/12/14 v2.01 operator names
)
\inf@bad=\count88
LaTeX Info: Redefining \frac on input line 211.
\uproot@=\count89
\leftroot@=\count90
LaTeX Info: Redefining \overline on input line 307.
\classnum@=\count91
\DOTSCASE@=\count92
LaTeX Info: Redefining \ldots on input line 379.
LaTeX Info: Redefining \dots on input line 382.
LaTeX Info: Redefining \cdots on input line 467.
\Mathstrutbox@=\box26
\strutbox@=\box27
\big@size=\dimen105
LaTeX Font Info:    Redeclaring font encoding OML on input line 567.
LaTeX Font Info:    Redeclaring font encoding OMS on input line 568.
\macc@depth=\count93
\c@MaxMatrixCols=\count94
\dotsspace@=\muskip10
\c@parentequation=\count95
\dspbrk@lvl=\count96
\tag@help=\toks15
\row@=\count97
\column@=\count98
\maxfields@=\count99
\andhelp@=\toks16
\eqnshift@=\dimen106
\alignsep@=\dimen107
\tagshift@=\dimen108
\tagwidth@=\dimen109
\totwidth@=\dimen110
\lineht@=\dimen111
\@envbody=\toks17
\multlinegap=\skip44
\multlinetaggap=\skip45
\mathdisplay@stack=\toks18
LaTeX Info: Redefining \[ on input line 2666.
LaTeX Info: Redefining \] on input line 2667.
)
(/usr/share/texmf/tex/latex/amsfonts/amsfonts.sty
Package: amsfonts 2001/10/25 v2.2f
\symAMSa=\mathgroup4
\symAMSb=\mathgroup5
LaTeX Font Info:    Overwriting math alphabet `\mathfrak' in version `bold'
(Font)                  U/euf/m/n --> U/euf/b/n on input line 132.
)
(/usr/share/texmf/tex/latex/amsfonts/amssymb.sty
Package: amssymb 2002/01/22 v2.2d
)
(/usr/share/texmf/tex/latex/misc/stmaryrd.sty
Package: stmaryrd 1994/03/03 St Mary's Road symbol package
\symstmry=\mathgroup6
LaTeX Font Info:    Overwriting symbol font `stmry' in version `bold'
(Font)                  U/stmry/m/n --> U/stmry/b/n on input line 89.
)
(/usr/share/texmf/tex/latex/base/makeidx.sty
Package: makeidx 2000/03/29 v1.0m Standard LaTeX package
)
(/usr/share/texmf/tex/latex/psnfss/times.sty
Package: times 2002/09/08 PSNFSS-v9.0a (SPQR) 
) (./graphic.aux)
\openout1 = `graphic.aux'.

LaTeX Font Info:    Checking defaults for OML/cmm/m/it on input line 14.
LaTeX Font Info:    ... okay on input line 14.
LaTeX Font Info:    Checking defaults for T1/cmr/m/n on input line 14.
LaTeX Font Info:    ... okay on input line 14.
LaTeX Font Info:    Checking defaults for OT1/cmr/m/n on input line 14.
LaTeX Font Info:    ... okay on input line 14.
LaTeX Font Info:    Checking defaults for OMS/cmsy/m/n on input line 14.
LaTeX Font Info:    ... okay on input line 14.
LaTeX Font Info:    Checking defaults for OMX/cmex/m/n on input line 14.
LaTeX Font Info:    ... okay on input line 14.
LaTeX Font Info:    Checking defaults for U/cmr/m/n on input line 14.
LaTeX Font Info:    ... okay on input line 14.
LaTeX Font Info:    Try loading font information for OT1+ptm on input line 14.

(/usr/share/texmf/tex/latex/psnfss/ot1ptm.fd
File: ot1ptm.fd 2001/06/04 font definitions for OT1/ptm.
)
Chapter 1.
LaTeX Font Info:    Font shape `OT1/ptm/bx/n' in size <20.74> not available
(Font)              Font shape `OT1/ptm/b/n' tried instead on input line 15.
LaTeX Font Info:    Font shape `OT1/ptm/bx/n' in size <24.88> not available
(Font)              Font shape `OT1/ptm/b/n' tried instead on input line 15.
LaTeX Font Info:    Font shape `OT1/ptm/bx/n' in size <14.4> not available
(Font)              Font shape `OT1/ptm/b/n' tried instead on input line 16.
LaTeX Font Info:    Try loading font information for OT1+pcr on input line 16.
(/usr/share/texmf/tex/latex/psnfss/ot1pcr.fd
File: ot1pcr.fd 2001/06/04 font definitions for OT1/pcr.
)
Overfull \hbox (28.0212pt too wide) in paragraph at lines 16--16
[]\OT1/ptm/b/n/14.4 Graph of a func-tion : \OT1/pcr/m/n/14.4 plotfunc funcplot 
DrawFunc
 []

LaTeX Font Info:    Font shape `OT1/ptm/bx/n' in size <12> not available
(Font)              Font shape `OT1/ptm/b/n' tried instead on input line 17.
LaTeX Font Info:    Try loading font information for U+msa on input line 18.
(/usr/share/texmf/tex/latex/amsfonts/umsa.fd
File: umsa.fd 2002/01/19 v2.2g AMS font definitions
)
LaTeX Font Info:    Try loading font information for U+msb on input line 18.

(/usr/share/texmf/tex/latex/amsfonts/umsb.fd
File: umsb.fd 2002/01/19 v2.2g AMS font definitions
)
LaTeX Font Info:    Try loading font information for U+stmry on input line 18.

(/usr/share/texmf/tex/latex/misc/ustmry.fd)
Overfull \hbox (28.55998pt too wide) in paragraph at lines 18--21
\OT1/pcr/m/n/10.95 plotfunc(f(x),x) \OT1/ptm/m/n/10.95 draws the graph of $\OML
/cmm/m/it/10.95 y \OT1/cmr/m/n/10.95 = \OML/cmm/m/it/10.95 f\OT1/cmr/m/n/10.95 
(\OML/cmm/m/it/10.95 x\OT1/cmr/m/n/10.95 )$ \OT1/ptm/m/n/10.95 and \OT1/pcr/m/n
/10.95 plotfunc(f(x),x=a..b)
 []

[1


]
Overfull \hbox (1.34956pt too wide) in paragraph at lines 73--73
 \OT1/pcr/m/n/10.95 plotfunc(x*sin(y),[x=0..2,y=-pi..pi],xstep=1,ystep=0.5) 
 []

[2]
LaTeX Font Info:    Font shape `OT1/ptm/bx/n' in size <10.95> not available
(Font)              Font shape `OT1/ptm/b/n' tried instead on input line 81.

Overfull \hbox (20.35646pt too wide) in paragraph at lines 113--131
\OT1/ptm/m/n/10.95 us-ing []\OT1/pcr/m/n/10.95 nstep \OT1/ptm/m/n/10.95 and we 
can also have the sur-face with a filled form (\OT1/pcr/m/n/10.95 display=fille
d\OT1/ptm/m/n/10.95 ). 
 []


Overfull \hbox (5.20045pt too wide) has occurred while \output is active
\OT1/ptm/m/sl/10.95 1.1.  GRAPH OF A FUNCTION : \OT1/pcr/m/n/10.95 PLOTFUNC FUN
CPLOT DRAWFUNC GRAPH \OT1/ptm/m/n/10.95 3
 []

[3] [4]
Overfull \hbox (11.33565pt too wide) in paragraph at lines 174--186
\OT1/pcr/m/n/10.95 plot3d(f(x,y),x,y) \OT1/ptm/m/n/10.95 (resp \OT1/pcr/m/n/10.
95 plot3d([f(u,v),g(u,v),h(u,v)],u,v)\OT1/ptm/m/n/10.95 )
 []

[5]

LaTeX Warning: Reference `sec:droite2' on page 6 undefined on input line 202.


LaTeX Warning: Reference `sec:droite3' on page 6 undefined on input line 202.


LaTeX Warning: Reference `sec:axe2' on page 6 undefined on input line 203.


LaTeX Warning: Reference `sec:axe3' on page 6 undefined on input line 203.

LaTeX Font Info:    Try loading font information for OMS+ptm on input line 206.

(/usr/share/texmf/tex/latex/psnfss/omsptm.fd
File: omsptm.fd 
)
LaTeX Font Info:    Font shape `OMS/ptm/m/n' in size <10.95> not available
(Font)              Font shape `OMS/cmsy/m/n' tried instead on input line 206.
 [6] [7]

LaTeX Warning: Reference `sec:tangent' on page 8 undefined on input line 283.


LaTeX Warning: Reference `sec:tangent3' on page 8 undefined on input line 284.

LaTeX Font Info:    Try loading font information for OMS+pcr on input line 297.

(/usr/share/texmf/tex/latex/psnfss/omspcr.fd
File: omspcr.fd 
)
LaTeX Font Info:    Font shape `OMS/pcr/m/n' in size <10.95> not available
(Font)              Font shape `OMS/cmsy/m/n' tried instead on input line 297.
 [8]
Overfull \hbox (32.88704pt too wide) in paragraph at lines 334--334
[]\OT1/ptm/b/n/14.4 Graph of in-equa-tions with 2 vari-ables : \OT1/pcr/m/n/14.
4 plotinequation
 []


Overfull \hbox (47.33951pt too wide) in paragraph at lines 335--337
\OT1/pcr/m/n/10.95 plotinequation([f1(x,y)<a1,...fk(x,y)<ak],[x=x1..x2,y=y1..y2
])
 []

[9]
Overfull \hbox (1.3769pt too wide) in paragraph at lines 350--354
\OT1/ptm/m/n/10.95 If the bound for $\OML/cmm/m/it/10.95 x$ \OT1/ptm/m/n/10.95 
and $\OML/cmm/m/it/10.95 y$ \OT1/ptm/m/n/10.95 are not in-di-cated, \OT1/pcr/m/
n/10.95 Xcas \OT1/ptm/m/n/10.95 takes the val-ues of \OT1/pcr/m/n/10.95 X-,X+,Y
-,Y+
 []


Overfull \hbox (3.56833pt too wide) in paragraph at lines 350--354
\OT1/ptm/m/n/10.95 de-fined in the gen-eral graphic con-fig-u-ra-tion (\OT1/pcr
/m/n/10.95 Cfg$\U/msa/m/n/10.95 I$\OT1/pcr/m/n/10.95 Graphic configuration\OT1/
ptm/m/n/10.95 ) 
 []


Overfull \hbox (23.34087pt too wide) in paragraph at lines 355--355
[]\OT1/ptm/b/n/14.4 Graph of the area be-low a curve : \OT1/pcr/m/n/14.4 plotar
ea areaplot 
 []

[10] [11]
Overfull \hbox (9.84656pt too wide) in paragraph at lines 414--418
\OT1/pcr/m/n/10.95 plotdensity(f(x,y),[x,y]) \OT1/ptm/m/n/10.95 or \OT1/pcr/m/n
/10.95 densityplot(f(x,y),[x,y]) \OT1/ptm/m/n/10.95 draws
 []

[12] [13]
Overfull \hbox (6.55057pt too wide) in paragraph at lines 471--474
[]\OT1/pcr/m/n/10.95 plotimplicit(f(x,y,z),x=0..1,y=-1..1,z=-1..1) \OT1/ptm/m/n
/10.95 draws the
 []


Overfull \hbox (55.86899pt too wide) in paragraph at lines 489--489
[]\OT1/ptm/b/n/14.4 Curve and sur-face with para-met-ric co-or-di-nates : \OT1/
pcr/m/n/14.4 plotparam
 []


LaTeX Warning: Reference `sec:configgeo' on page 14 undefined on input line 496
.


Overfull \hbox (31.04562pt too wide) in paragraph at lines 491--498
\OT1/pcr/m/n/10.95 plotparam(f(t)+i*g(t),t) \OT1/ptm/m/n/10.95 (resp \OT1/pcr/m
/n/10.95 plotparam(f(t)+i*g(t),t=t1..t2)\OT1/ptm/m/n/10.95 )
 []

[14]
Overfull \hbox (7.09013pt too wide) in paragraph at lines 520--520
[]\OT1/ptm/b/n/12 3D para-met-ric sur-face : \OT1/pcr/m/n/12 plotparam paramplo
t DrawParm 
 []


Overfull \hbox (161.45451pt too wide) has occurred while \output is active
\OT1/ptm/m/sl/10.95 1.10.  CURVE AND SURFACE WITH PARAMETRIC COORDINATES : \OT1
/pcr/m/n/10.95 PLOTPARAM PARAMPLOT DRAWPARM \OT1/ptm/m/n/10.95 15
 []

[15]
Overfull \hbox (93.32945pt too wide) in paragraph at lines 543--543
 \OT1/pcr/m/n/10.95 plotparam([v*cos(u),v*sin(u),v],[u=0..pi,v=0..3],ustep=0.5,
vstep=0.5) 
 []


Overfull \hbox (32.83012pt too wide) in paragraph at lines 550--550
[]\OT1/ptm/b/n/14.4 Curve with po-lar co-or-di-nates : \OT1/pcr/m/n/14.4 plotpo
lar polarplot
 []

[16]
Overfull \hbox (35.4223pt too wide) has occurred while \output is active
\OT1/ptm/m/sl/10.95 1.12.  DRAW A RECURRENT SEQUENCE : \OT1/pcr/m/n/10.95 PLOTS
EQ SEQPLOT GRAPHE[]SUITE \OT1/ptm/m/n/10.95 17
 []

[17]
Overfull \hbox (14.20987pt too wide) in paragraph at lines 602--602
[]\OT1/ptm/b/n/14.4 Plotting a so-lu-tion of a dif-fer-en-tial equa-tion : \OT1
/pcr/m/n/14.4 plotode
 []


Underfull \hbox (badness 10000) in paragraph at lines 603--604

 []


LaTeX Warning: Reference `sec:odesolve' on page 18 undefined on input line 635.


[18]
Overfull \hbox (2.18507pt too wide) in paragraph at lines 637--637
[]\OT1/ptm/b/n/14.4 Interactive plot-ting of so-lu-tions of a dif-fer-en-tial e
qua-
 []


Overfull \hbox (45.21556pt too wide) in paragraph at lines 637--637
\OT1/ptm/b/n/14.4 tion : \OT1/pcr/m/n/14.4 interactive[]plotode interactive[]od
eplot 
 []


Overfull \hbox (1.34956pt too wide) in paragraph at lines 672--673
 \OT1/pcr/m/n/10.95 animate(sin(a*x),x=-pi..pi,a=-2..2,frames=10,color=red) 
 []


Overfull \hbox (304.63524pt too wide) has occurred while \output is active
\OT1/ptm/m/sl/10.95 1.15.  INTERACTIVE PLOTTING OF SOLUTIONS OF A DIFFERENTIAL 
EQUATION : \OT1/pcr/m/n/10.95 INTERACTIVE[]PLOTODE INTERACTIVE[]ODEPLOT \OT1/pt
m/m/n/10.95 19
 []

[19] [20]
Overfull \hbox (7.91956pt too wide) in paragraph at lines 717--717
 \OT1/pcr/m/n/10.95 animation(seq(plotfunc([cos(a*x),sin(a*x)],x=0..2*pi/a), 
 []


Overfull \hbox (7.91956pt too wide) in paragraph at lines 733--733
 \OT1/pcr/m/n/10.95 animation(seq(plotode(sin(x*y),[x,y],[0,a]),a,-4,4,0.5)) 
 []

[21] [22] [23] (./graphic.aux)

LaTeX Warning: There were undefined references.

 ) 
Here is how much of TeX's memory you used:
 1434 strings out of 95370
 16166 string characters out of 1188185
 61051 words of memory out of 1000001
 4498 multiletter control sequences out of 10000+50000
 14709 words of font info for 48 fonts, out of 500000 for 1000
 198 hyphenation exceptions out of 1000
 27i,5n,22p,367b,276s stack positions out of 1500i,500n,5000p,200000b,5000s

Output written on graphic.dvi (23 pages, 43384 bytes).
