This is TeX, Version 3.14159 (Web2C 7.3.1) (format=latex 2002.3.12)  26 JAN 2004 19:32
**pythagore2
(pythagore2.tex
LaTeX2e <2001/06/01>
Babel <v3.7h> and hyphenation patterns for american, french, german, ngerman, b
asque, italian, portuges, spanish, swedish, nohyphenation, loaded.

! LaTeX Error: Missing \begin{document}.

See the LaTeX manual or LaTeX Companion for explanation.
Type  H <return>  for immediate help.
 ...                                              
                                                  
l.3 \noindent
             
? 
! Emergency stop.
 ...                                              
                                                  
l.3 \noindent
             
You're in trouble here.  Try typing  <return>  to proceed.
If that doesn't work, type  X <return>  to quit.

 
Here is how much of TeX's memory you used:
 4 strings out of 20866
 171 string characters out of 195710
 44311 words of memory out of 350001
 3039 multiletter control sequences out of 10000+15000
 3640 words of font info for 14 fonts, out of 400000 for 1000
 16 hyphenation exceptions out of 1000
 5i,0n,4p,33b,14s stack positions out of 1500i,100n,500p,50000b,4000s
No pages of output.
