This is e-TeX, Version 3.14159-2.1 (Web2C 7.4.5) (format=latex 2005.9.7)  3 JUL 2009 10:28
entering extended mode
\write18 enabled.
**./images.tex
(./images.tex
LaTeX2e <2001/06/01>
Babel <v3.7h> and hyphenation patterns for american, french, german, ngerman, b
ahasa, basque, catalan, croatian, czech, danish, dutch, finnish, greek, iceland
ic, irish, italian, latin, magyar, norsk, norsk, portuges, romanian, russian, s
lovak, slovene, spanish, swedish, turkish, ukrainian, nohyphenation, loaded.

(/usr/share/texmf/tex/latex/base/article.cls
Document Class: article 2001/04/21 v1.4e Standard LaTeX document class
(/usr/share/texmf/tex/latex/base/size10.clo
File: size10.clo 2001/04/21 v1.4e Standard LaTeX file (size option)
)
\c@part=\count79
\c@section=\count80
\c@subsection=\count81
\c@subsubsection=\count82
\c@paragraph=\count83
\c@subparagraph=\count84
\c@figure=\count85
\c@table=\count86
\abovecaptionskip=\skip41
\belowcaptionskip=\skip42
\bibindent=\dimen102
) (/usr/share/texmf/tex/latex/base/ifthen.sty
Package: ifthen 2001/05/26 v1.1c Standard LaTeX ifthen package (DPC)
) (/usr/share/texmf/tex/latex/amsmath/amsmath.sty
Package: amsmath 2000/07/18 v2.13 AMS math features
\@mathmargin=\skip43
For additional information on amsmath, use the `?' option.
(/usr/share/texmf/tex/latex/amsmath/amstext.sty
Package: amstext 2000/06/29 v2.01
(/usr/share/texmf/tex/latex/amsmath/amsgen.sty
File: amsgen.sty 1999/11/30 v2.0
\@emptytoks=\toks14
\ex@=\dimen103
)) (/usr/share/texmf/tex/latex/amsmath/amsbsy.sty
Package: amsbsy 1999/11/29 v1.2d
\pmbraise@=\dimen104
) (/usr/share/texmf/tex/latex/amsmath/amsopn.sty
Package: amsopn 1999/12/14 v2.01 operator names
)
\inf@bad=\count87
LaTeX Info: Redefining \frac on input line 211.
\uproot@=\count88
\leftroot@=\count89
LaTeX Info: Redefining \overline on input line 307.
\classnum@=\count90
\DOTSCASE@=\count91
LaTeX Info: Redefining \ldots on input line 379.
LaTeX Info: Redefining \dots on input line 382.
LaTeX Info: Redefining \cdots on input line 467.
\Mathstrutbox@=\box26
\strutbox@=\box27
\big@size=\dimen105
LaTeX Font Info:    Redeclaring font encoding OML on input line 567.
LaTeX Font Info:    Redeclaring font encoding OMS on input line 568.
\macc@depth=\count92
\c@MaxMatrixCols=\count93
\dotsspace@=\muskip10
\c@parentequation=\count94
\dspbrk@lvl=\count95
\tag@help=\toks15
\row@=\count96
\column@=\count97
\maxfields@=\count98
\andhelp@=\toks16
\eqnshift@=\dimen106
\alignsep@=\dimen107
\tagshift@=\dimen108
\tagwidth@=\dimen109
\totwidth@=\dimen110
\lineht@=\dimen111
\@envbody=\toks17
\multlinegap=\skip44
\multlinetaggap=\skip45
\mathdisplay@stack=\toks18
LaTeX Info: Redefining \[ on input line 2666.
LaTeX Info: Redefining \] on input line 2667.
) (/usr/share/texmf/tex/latex/amsfonts/amsfonts.sty
Package: amsfonts 2001/10/25 v2.2f
\symAMSa=\mathgroup4
\symAMSb=\mathgroup5
LaTeX Font Info:    Overwriting math alphabet `\mathfrak' in version `bold'
(Font)                  U/euf/m/n --> U/euf/b/n on input line 132.
) (/usr/share/texmf/tex/latex/amsfonts/amssymb.sty
Package: amssymb 2002/01/22 v2.2d
) (/usr/share/texmf/tex/latex/misc/stmaryrd.sty
Package: stmaryrd 1994/03/03 St Mary's Road symbol package
\symstmry=\mathgroup6
LaTeX Font Info:    Overwriting symbol font `stmry' in version `bold'
(Font)                  U/stmry/m/n --> U/stmry/b/n on input line 89.
) (/usr/share/texmf/tex/latex/base/makeidx.sty
Package: makeidx 2000/03/29 v1.0m Standard LaTeX package
) (/usr/share/texmf/tex/latex/psnfss/times.sty
Package: times 2002/09/08 PSNFSS-v9.0a (SPQR) 
) (/home/parisse/tmp/giac-0.8.3/doc/en/ifpdf.sty
Package: ifpdf 2001/06/14 v1.0 Providing \ifpdf (HO)
Package ifpdf Info: pdfTeX in pdf mode not detected on input line 140.
) (/usr/share/texmf/tex/latex/pstricks/pstricks.sty
Package: pstricks 1997/03/25 package wrapper for PSTricks pstricks.tex
(/usr/share/texmf/tex/generic/pstricks/pstricks.tex
`PSTricks' v97 patch 14  <1999/12/23> (tvz)
\pst@dima=\dimen112
\pst@dimb=\dimen113
\pst@dimc=\dimen114
\pst@dimd=\dimen115
\pst@dimg=\dimen116
\pst@dimh=\dimen117
\pst@hbox=\box28
\pst@boxg=\box29
\pst@cnta=\count99
\pst@cntb=\count100
\pst@cntc=\count101
\pst@cntd=\count102
\pst@cntg=\count103
\pst@cnth=\count104
\pst@toks=\toks19
(/usr/share/texmf/tex/generic/pstricks/pstricks.con)
\psunit=\dimen118
\psxunit=\dimen119
\psyunit=\dimen120
\pslinewidth=\dimen121
\pst@customdefs=\toks20
\pslinearc=\dimen122
\everypsbox=\toks21
\psframesep=\dimen123
\pslabelsep=\dimen124
\theoverlaybox=\box30
)) (/usr/share/texmf/tex/latex/graphics/graphicx.sty
Package: graphicx 1999/02/16 v1.0f Enhanced LaTeX Graphics (DPC,SPQR)
(/usr/share/texmf/tex/latex/graphics/keyval.sty
Package: keyval 1999/03/16 v1.13 key=value parser (DPC)
\KV@toks@=\toks22
) (/usr/share/texmf/tex/latex/graphics/graphics.sty
Package: graphics 2001/07/07 v1.0n Standard LaTeX Graphics (DPC,SPQR)
(/usr/share/texmf/tex/latex/graphics/trig.sty
Package: trig 1999/03/16 v1.09 sin cos tan (DPC)
) (/usr/share/texmf/tex/latex/config/graphics.cfg
File: graphics.cfg 2001/08/31 v1.1 graphics configuration of teTeX/TeXLive
)
Package graphics Info: Driver file: dvips.def on input line 80.
(/usr/share/texmf/tex/latex/graphics/dvips.def
File: dvips.def 1999/02/16 v3.0i Driver-dependant file (DPC,SPQR)
))
\Gin@req@height=\dimen125
\Gin@req@width=\dimen126
) (/usr/share/texmf/tex/latex/base/inputenc.sty
Package: inputenc 2001/07/10 v0.99a Input encoding file 
(/usr/share/texmf/tex/latex/base/latin1.def
File: latin1.def 2001/07/10 v0.99a Input encoding file 
)) (/usr/share/texmf/tex/latex/base/fontenc.sty
Package: fontenc 2001/06/05 v1.94 Standard LaTeX package
(/usr/share/texmf/tex/latex/base/t1enc.def
File: t1enc.def 2001/06/05 v1.94 Standard LaTeX file
LaTeX Font Info:    Redeclaring font encoding T1 on input line 38.
)) (/usr/share/texmf/tex/latex/base/latexsym.sty
Package: latexsym 1998/08/17 v2.2e Standard LaTeX package (lasy symbols)
\symlasy=\mathgroup7
LaTeX Font Info:    Overwriting symbol font `lasy' in version `bold'
(Font)                  U/lasy/m/n --> U/lasy/b/n on input line 42.
)
\@indexfile=\write3
\openout3 = `images.idx'.

Writing index file images.idx
(/usr/share/texmf/tex/latex/graphics/pstcol.sty
Package: pstcol 2001/06/20 v1.1 PSTricks color colompatibility (DPC)
(/usr/share/texmf/tex/latex/graphics/color.sty
Package: color 1999/02/16 v1.0i Standard LaTeX Color (DPC)
(/usr/share/texmf/tex/latex/config/color.cfg
File: color.cfg 2001/08/31 v1.1 color configuration of teTeX/TeXLive
)
Package color Info: Driver file: dvips.def on input line 125.
(/usr/share/texmf/tex/latex/graphics/dvipsnam.def
File: dvipsnam.def 1999/02/16 v3.0i Driver-dependant file (DPC,SPQR)
)))
\sizebox=\box31
\lthtmlwrite=\write4
(./images.aux)
\openout1 = `images.aux'.

LaTeX Font Info:    Checking defaults for OML/cmm/m/it on input line 155.
LaTeX Font Info:    ... okay on input line 155.
LaTeX Font Info:    Checking defaults for T1/cmr/m/n on input line 155.
LaTeX Font Info:    ... okay on input line 155.
LaTeX Font Info:    Checking defaults for OT1/cmr/m/n on input line 155.
LaTeX Font Info:    ... okay on input line 155.
LaTeX Font Info:    Checking defaults for OMS/cmsy/m/n on input line 155.
LaTeX Font Info:    ... okay on input line 155.
LaTeX Font Info:    Checking defaults for OMX/cmex/m/n on input line 155.
LaTeX Font Info:    ... okay on input line 155.
LaTeX Font Info:    Checking defaults for U/cmr/m/n on input line 155.
LaTeX Font Info:    ... okay on input line 155.
LaTeX Font Info:    Try loading font information for T1+ptm on input line 155.
(/usr/share/texmf/tex/latex/psnfss/t1ptm.fd
File: t1ptm.fd 2001/06/04 font definitions for T1/ptm.
)

latex2htmlLength hsize=349.0pt

latex2htmlLength vsize=737.41338pt

latex2htmlLength hoffset=0.0pt

latex2htmlLength voffset=0.0pt

latex2htmlLength topmargin=0.0pt

latex2htmlLength topskip=0.00003pt

latex2htmlLength headheight=0.0pt

latex2htmlLength headsep=0.0pt

latex2htmlLength parskip=0.0pt plus 1.0pt

latex2htmlLength oddsidemargin=62.0pt

latex2htmlLength evensidemargin=62.0pt

l2hSize :tex2html_wrap_inline376:8.48495pt::8.48495pt::12.30002pt.
[1



]
LaTeX Font Info:    Try loading font information for U+msa on input line 191.
(/usr/share/texmf/tex/latex/amsfonts/umsa.fd
File: umsa.fd 2002/01/19 v2.2g AMS font definitions
)
LaTeX Font Info:    Try loading font information for U+msb on input line 191.
(/usr/share/texmf/tex/latex/amsfonts/umsb.fd
File: umsb.fd 2002/01/19 v2.2g AMS font definitions
)
LaTeX Font Info:    Try loading font information for U+stmry on input line 191.

(/usr/share/texmf/tex/latex/misc/ustmry.fd)
LaTeX Font Info:    Try loading font information for U+lasy on input line 191.
(/usr/share/texmf/tex/latex/base/ulasy.fd
File: ulasy.fd 1998/08/17 v2.2e LaTeX symbol font definitions
)
l2hSize :tex2html_wrap_indisplay554:15.0001pt::15.0001pt::9.06117pt.
[2


]
l2hSize :tex2html_wrap_indisplay555:13.70952pt::13.70952pt::25.83745pt.
[3


]
l2hSize :tex2html_wrap_indisplay556:15.0001pt::15.0001pt::9.06117pt.
[4


]
l2hSize :tex2html_wrap_indisplay557:15.0001pt::15.0001pt::9.06117pt.
[5


]
l2hSize :tex2html_wrap_indisplay558:13.70952pt::13.70952pt::8.6153pt.
[6


]
l2hSize :tex2html_wrap_indisplay559:17.03902pt::17.03902pt::13.5473pt.
[7


]
l2hSize :tex2html_wrap_inline561:7.44444pt::7.44444pt::5.50005pt.
[8


]
l2hSize :tex2html_wrap_inline577:7.44444pt::7.44444pt::5.50005pt.
[9


]
l2hSize :tex2html_wrap_inline579:6.74997pt::0.0pt::10.50005pt.
[10


]
l2hSize :tex2html_wrap_inline581:6.74997pt::0.0pt::10.50005pt.
[11


]
l2hSize :tex2html_wrap_indisplay587:15.97237pt::15.97237pt::25.1112pt.
[12


]
l2hSize :tex2html_wrap_indisplay588:13.70952pt::13.70952pt::30.32358pt.
[13


]
l2hSize :tex2html_wrap_inline590:8.5556pt::8.5556pt::7.1667pt.
[14


]
l2hSize :tex2html_wrap_inline598:6.74997pt::0.0pt::10.50005pt.
[15


]
l2hSize :tex2html_wrap_inline628:6.94444pt::0.0pt::5.47226pt.
[16


]
l2hSize :tex2html_wrap_indisplay636:18.51115pt::18.51115pt::14.9445pt.
[17


]
l2hSize :tex2html_wrap_indisplay638:7.24997pt::7.24997pt::9.8909pt.
[18


]
l2hSize :tex2html_wrap_indisplay641:7.24997pt::7.24997pt::11.11061pt.
[19


]
l2hSize :tex2html_wrap_indisplay642:7.44444pt::7.44444pt::10.36984pt.
[20


]
l2hSize :tex2html_wrap_indisplay643:13.70952pt::13.70952pt::94.03546pt.
[21


]
l2hSize :tex2html_wrap_inline654:7.24997pt::7.24997pt::11.11061pt.
[22


]
l2hSize :tex2html_wrap_inline662:6.74997pt::0.0pt::6.55908pt.
[23


]
l2hSize :tex2html_wrap_inline667:7.44444pt::7.44444pt::10.36984pt.
[24


]
l2hSize :tex2html_wrap_inline672:7.24997pt::7.24997pt::9.8909pt.
[25


]
l2hSize :tex2html_wrap_inline494:10.6799pt::10.6799pt::17.30002pt.
[26


]
l2hSize :tex2html_wrap_inline496:10.6799pt::10.6799pt::17.30002pt.
[27


] (./images.aux) ) 
Here is how much of TeX's memory you used:
 2976 strings out of 95370
 33817 string characters out of 1188211
 85691 words of memory out of 1000001
 5992 multiletter control sequences out of 10000+50000
 8667 words of font info for 30 fonts, out of 500000 for 1000
 198 hyphenation exceptions out of 1000
 27i,7n,22p,225b,155s stack positions out of 1500i,500n,5000p,200000b,5000s

Output written on images.dvi (27 pages, 6652 bytes).
