This is e-TeX, Version 3.14159-2.1 (Web2C 7.4.5) (format=latex 2005.9.7)  1 DEC 2009 14:46
entering extended mode
\write18 enabled.
**./images.tex
(./images.tex
LaTeX2e <2001/06/01>
Babel <v3.7h> and hyphenation patterns for american, french, german, ngerman, b
ahasa, basque, catalan, croatian, czech, danish, dutch, finnish, greek, iceland
ic, irish, italian, latin, magyar, norsk, norsk, portuges, romanian, russian, s
lovak, slovene, spanish, swedish, turkish, ukrainian, nohyphenation, loaded.

(/usr/share/texmf/tex/latex/base/article.cls
Document Class: article 2001/04/21 v1.4e Standard LaTeX document class
(/usr/share/texmf/tex/latex/base/size10.clo
File: size10.clo 2001/04/21 v1.4e Standard LaTeX file (size option)
)
\c@part=\count79
\c@section=\count80
\c@subsection=\count81
\c@subsubsection=\count82
\c@paragraph=\count83
\c@subparagraph=\count84
\c@figure=\count85
\c@table=\count86
\abovecaptionskip=\skip41
\belowcaptionskip=\skip42
\bibindent=\dimen102
) (/usr/share/texmf/tex/latex/base/ifthen.sty
Package: ifthen 2001/05/26 v1.1c Standard LaTeX ifthen package (DPC)
) (/usr/share/texmf/tex/latex/graphics/graphicx.sty
Package: graphicx 1999/02/16 v1.0f Enhanced LaTeX Graphics (DPC,SPQR)
(/usr/share/texmf/tex/latex/graphics/keyval.sty
Package: keyval 1999/03/16 v1.13 key=value parser (DPC)
\KV@toks@=\toks14
) (/usr/share/texmf/tex/latex/graphics/graphics.sty
Package: graphics 2001/07/07 v1.0n Standard LaTeX Graphics (DPC,SPQR)
(/usr/share/texmf/tex/latex/graphics/trig.sty
Package: trig 1999/03/16 v1.09 sin cos tan (DPC)
) (/usr/share/texmf/tex/latex/config/graphics.cfg
File: graphics.cfg 2001/08/31 v1.1 graphics configuration of teTeX/TeXLive
)
Package graphics Info: Driver file: dvips.def on input line 80.
(/usr/share/texmf/tex/latex/graphics/dvips.def
File: dvips.def 1999/02/16 v3.0i Driver-dependant file (DPC,SPQR)
))
\Gin@req@height=\dimen103
\Gin@req@width=\dimen104
) (/usr/share/texmf/tex/latex/amsmath/amsmath.sty
Package: amsmath 2000/07/18 v2.13 AMS math features
\@mathmargin=\skip43
For additional information on amsmath, use the `?' option.
(/usr/share/texmf/tex/latex/amsmath/amstext.sty
Package: amstext 2000/06/29 v2.01
(/usr/share/texmf/tex/latex/amsmath/amsgen.sty
File: amsgen.sty 1999/11/30 v2.0
\@emptytoks=\toks15
\ex@=\dimen105
)) (/usr/share/texmf/tex/latex/amsmath/amsbsy.sty
Package: amsbsy 1999/11/29 v1.2d
\pmbraise@=\dimen106
) (/usr/share/texmf/tex/latex/amsmath/amsopn.sty
Package: amsopn 1999/12/14 v2.01 operator names
)
\inf@bad=\count87
LaTeX Info: Redefining \frac on input line 211.
\uproot@=\count88
\leftroot@=\count89
LaTeX Info: Redefining \overline on input line 307.
\classnum@=\count90
\DOTSCASE@=\count91
LaTeX Info: Redefining \ldots on input line 379.
LaTeX Info: Redefining \dots on input line 382.
LaTeX Info: Redefining \cdots on input line 467.
\Mathstrutbox@=\box26
\strutbox@=\box27
\big@size=\dimen107
LaTeX Font Info:    Redeclaring font encoding OML on input line 567.
LaTeX Font Info:    Redeclaring font encoding OMS on input line 568.
\macc@depth=\count92
\c@MaxMatrixCols=\count93
\dotsspace@=\muskip10
\c@parentequation=\count94
\dspbrk@lvl=\count95
\tag@help=\toks16
\row@=\count96
\column@=\count97
\maxfields@=\count98
\andhelp@=\toks17
\eqnshift@=\dimen108
\alignsep@=\dimen109
\tagshift@=\dimen110
\tagwidth@=\dimen111
\totwidth@=\dimen112
\lineht@=\dimen113
\@envbody=\toks18
\multlinegap=\skip44
\multlinetaggap=\skip45
\mathdisplay@stack=\toks19
LaTeX Info: Redefining \[ on input line 2666.
LaTeX Info: Redefining \] on input line 2667.
) (/usr/share/texmf/tex/latex/amsfonts/amsfonts.sty
Package: amsfonts 2001/10/25 v2.2f
\symAMSa=\mathgroup4
\symAMSb=\mathgroup5
LaTeX Font Info:    Overwriting math alphabet `\mathfrak' in version `bold'
(Font)                  U/euf/m/n --> U/euf/b/n on input line 132.
) (/usr/share/texmf/tex/latex/amsfonts/amssymb.sty
Package: amssymb 2002/01/22 v2.2d
) (/usr/share/texmf/tex/latex/misc/stmaryrd.sty
Package: stmaryrd 1994/03/03 St Mary's Road symbol package
\symstmry=\mathgroup6
LaTeX Font Info:    Overwriting symbol font `stmry' in version `bold'
(Font)                  U/stmry/m/n --> U/stmry/b/n on input line 89.
) (/usr/share/texmf/tex/latex/base/makeidx.sty
Package: makeidx 2000/03/29 v1.0m Standard LaTeX package
) (/usr/share/texmf/tex/latex/psnfss/times.sty
Package: times 2002/09/08 PSNFSS-v9.0a (SPQR) 
) (/usr/share/texmf/tex/latex/psnfss/mathptmx.sty
Package: mathptmx 2002/09/08 PSNFSS-v9.0a Times w/ Math, improved (SPQR, WaS) 
LaTeX Font Info:    Redeclaring symbol font `operators' on input line 28.
LaTeX Font Info:    Overwriting symbol font `operators' in version `normal'
(Font)                  OT1/cmr/m/n --> OT1/ztmcm/m/n on input line 28.
LaTeX Font Info:    Overwriting symbol font `operators' in version `bold'
(Font)                  OT1/cmr/bx/n --> OT1/ztmcm/m/n on input line 28.
LaTeX Font Info:    Redeclaring symbol font `letters' on input line 29.
LaTeX Font Info:    Overwriting symbol font `letters' in version `normal'
(Font)                  OML/cmm/m/it --> OML/ztmcm/m/it on input line 29.
LaTeX Font Info:    Overwriting symbol font `letters' in version `bold'
(Font)                  OML/cmm/b/it --> OML/ztmcm/m/it on input line 29.
LaTeX Font Info:    Redeclaring symbol font `symbols' on input line 30.
LaTeX Font Info:    Overwriting symbol font `symbols' in version `normal'
(Font)                  OMS/cmsy/m/n --> OMS/ztmcm/m/n on input line 30.
LaTeX Font Info:    Overwriting symbol font `symbols' in version `bold'
(Font)                  OMS/cmsy/b/n --> OMS/ztmcm/m/n on input line 30.
LaTeX Font Info:    Redeclaring symbol font `largesymbols' on input line 31.
LaTeX Font Info:    Overwriting symbol font `largesymbols' in version `normal'
(Font)                  OMX/cmex/m/n --> OMX/ztmcm/m/n on input line 31.
LaTeX Font Info:    Overwriting symbol font `largesymbols' in version `bold'
(Font)                  OMX/cmex/m/n --> OMX/ztmcm/m/n on input line 31.
\symbold=\mathgroup7
\symitalic=\mathgroup8
LaTeX Font Info:    Redeclaring math alphabet \mathbf on input line 34.
LaTeX Font Info:    Overwriting math alphabet `\mathbf' in version `normal'
(Font)                  OT1/cmr/bx/n --> OT1/ptm/bx/n on input line 34.
LaTeX Font Info:    Overwriting math alphabet `\mathbf' in version `bold'
(Font)                  OT1/cmr/bx/n --> OT1/ptm/bx/n on input line 34.
LaTeX Font Info:    Redeclaring math alphabet \mathit on input line 35.
LaTeX Font Info:    Overwriting math alphabet `\mathit' in version `normal'
(Font)                  OT1/cmr/m/it --> OT1/ptm/m/it on input line 35.
LaTeX Font Info:    Overwriting math alphabet `\mathit' in version `bold'
(Font)                  OT1/cmr/bx/it --> OT1/ptm/m/it on input line 35.
LaTeX Info: Redefining \hbar on input line 40.
) (/home/parisse/tmp/giac-0.8.4/doc/fr/ifpdf.sty
Package: ifpdf 2001/06/14 v1.0 Providing \ifpdf (HO)
Package ifpdf Info: pdfTeX in pdf mode not detected on input line 140.
) (/usr/share/texmf/tex/generic/babel/babel.sty
Package: babel 2001/03/01 v3.7h The Babel package
(/usr/share/texmf/tex/generic/babel/frenchb.ldf
Language: french 2001/09/09 v1.5g French support from the babel system
(/usr/share/texmf/tex/generic/babel/babel.def
File: babel.def 2001/03/01 v3.7h Babel common definitions
\babel@savecnt=\count99
\U@D=\dimen114
)
Package babel Info: Making : an active character on input line 199.
Package babel Info: Making ; an active character on input line 200.
Package babel Info: Making ! an active character on input line 201.
Package babel Info: Making ? an active character on input line 202.
*************************************
* Local config file frenchb.cfg used
*
(/usr/share/texmf/tex/generic/babel/frenchb.cfg))) (/usr/share/texmf/tex/latex/
base/fontenc.sty
Package: fontenc 2001/06/05 v1.94 Standard LaTeX package
(/usr/share/texmf/tex/latex/base/t1enc.def
File: t1enc.def 2001/06/05 v1.94 Standard LaTeX file
LaTeX Font Info:    Redeclaring font encoding T1 on input line 38.
))
\c@exo=\count100
\@indexfile=\write3
\openout3 = `images.idx'.

Writing index file images.idx
(/usr/share/texmf/tex/latex/graphics/color.sty
Package: color 1999/02/16 v1.0i Standard LaTeX Color (DPC)
(/usr/share/texmf/tex/latex/config/color.cfg
File: color.cfg 2001/08/31 v1.1 color configuration of teTeX/TeXLive
)
Package color Info: Driver file: dvips.def on input line 125.
(/usr/share/texmf/tex/latex/graphics/dvipsnam.def
File: dvipsnam.def 1999/02/16 v3.0i Driver-dependant file (DPC,SPQR)
)) (/usr/share/texmf/tex/latex/base/inputenc.sty
Package: inputenc 2001/07/10 v0.99a Input encoding file 
(/usr/share/texmf/tex/latex/base/latin1.def
File: latin1.def 2001/07/10 v0.99a Input encoding file 
))
\sizebox=\box28
\lthtmlwrite=\write4
(./images.aux)
\openout1 = `images.aux'.

LaTeX Font Info:    Checking defaults for OML/cmm/m/it on input line 149.
LaTeX Font Info:    ... okay on input line 149.
LaTeX Font Info:    Checking defaults for T1/cmr/m/n on input line 149.
LaTeX Font Info:    ... okay on input line 149.
LaTeX Font Info:    Checking defaults for OT1/cmr/m/n on input line 149.
LaTeX Font Info:    ... okay on input line 149.
LaTeX Font Info:    Checking defaults for OMS/cmsy/m/n on input line 149.
LaTeX Font Info:    ... okay on input line 149.
LaTeX Font Info:    Checking defaults for OMX/cmex/m/n on input line 149.
LaTeX Font Info:    ... okay on input line 149.
LaTeX Font Info:    Checking defaults for U/cmr/m/n on input line 149.
LaTeX Font Info:    ... okay on input line 149.
LaTeX Font Info:    Checking defaults for OT2/wncyr/m/n on input line 149.
LaTeX Font Info:    Try loading font information for OT2+wncyr on input line 14
9.
(/usr/share/texmf/tex/latex/cyrillic/ot2wncyr.fd
File: ot2wncyr.fd 1999/12/17 v3.2a Computer Modern Cyrillic font definitions
)
LaTeX Font Info:    ... okay on input line 149.
LaTeX Font Info:    Try loading font information for T1+ptm on input line 149.
(/usr/share/texmf/tex/latex/psnfss/t1ptm.fd
File: t1ptm.fd 2001/06/04 font definitions for T1/ptm.
)
LaTeX Info: Redefining \dots on input line 149.

latex2htmlLength hsize=349.0pt

latex2htmlLength vsize=633.0pt

latex2htmlLength hoffset=0.0pt

latex2htmlLength voffset=0.0pt

latex2htmlLength topmargin=0.0pt

latex2htmlLength topskip=0.00003pt

latex2htmlLength headheight=0.0pt

latex2htmlLength headsep=0.0pt

latex2htmlLength parskip=0.0pt plus 1.0pt

latex2htmlLength oddsidemargin=62.0pt

latex2htmlLength evensidemargin=62.0pt

LaTeX Font Info:    Try loading font information for OT1+ztmcm on input line 17
5.
(/usr/share/texmf/tex/latex/psnfss/ot1ztmcm.fd
File: ot1ztmcm.fd 2000/01/03 Fontinst v1.801 font definitions for OT1/ztmcm.
)
LaTeX Font Info:    Try loading font information for OML+ztmcm on input line 17
5.
(/usr/share/texmf/tex/latex/psnfss/omlztmcm.fd
File: omlztmcm.fd 2000/01/03 Fontinst v1.801 font definitions for OML/ztmcm.
)
LaTeX Font Info:    Try loading font information for OMS+ztmcm on input line 17
5.
(/usr/share/texmf/tex/latex/psnfss/omsztmcm.fd
File: omsztmcm.fd 2000/01/03 Fontinst v1.801 font definitions for OMS/ztmcm.
)
LaTeX Font Info:    Try loading font information for OMX+ztmcm on input line 17
5.
(/usr/share/texmf/tex/latex/psnfss/omxztmcm.fd
File: omxztmcm.fd 2000/01/03 Fontinst v1.801 font definitions for OMX/ztmcm.
)
LaTeX Font Info:    Try loading font information for U+stmry on input line 175.

(/usr/share/texmf/tex/latex/misc/ustmry.fd)
LaTeX Font Info:    Try loading font information for OT1+ptm on input line 175.

(/usr/share/texmf/tex/latex/psnfss/ot1ptm.fd
File: ot1ptm.fd 2001/06/04 font definitions for OT1/ptm.
)
LaTeX Font Info:    Font shape `OT1/ptm/bx/n' in size <10> not available
(Font)              Font shape `OT1/ptm/b/n' tried instead on input line 175.
LaTeX Font Info:    Font shape `OT1/ptm/bx/n' in size <7.4> not available
(Font)              Font shape `OT1/ptm/b/n' tried instead on input line 175.
LaTeX Font Info:    Font shape `OT1/ptm/bx/n' in size <6> not available
(Font)              Font shape `OT1/ptm/b/n' tried instead on input line 175.
l2hSize :tex2html_wrap_inline4316:6.74997pt::0.0pt::5.50003pt.
[1



]
l2hSize :tex2html_wrap_indisplay4355:14.15483pt::14.15483pt::18.44763pt.
[2


]
l2hSize :tex2html_wrap_indisplay4359:19.82939pt::19.82939pt::10.30002pt.
[3


]
l2hSize :tex2html_wrap_indisplay4363:11.61479pt::11.61479pt::18.44763pt.
[4


]
l2hSize :tex2html_wrap_inline4375:9.2597pt::9.2597pt::21.59988pt.
[5


]
l2hSize :tex2html_wrap_inline4377:6.74997pt::0.0pt::7.6299pt.
[6


]
l2hSize :tex2html_wrap_inline4383:7.24997pt::7.24997pt::6.79994pt.
[7


]
l2hSize :tex2html_wrap_inline4384:6.74997pt::0.0pt::8.26993pt.
[8


]
l2hSize :tex2html_wrap_inline4455:9.67468pt::9.67468pt::13.82999pt.
[9


]
l2hSize :tex2html_wrap_inline4500:7.24997pt::7.24997pt::8.26993pt.
[10


]
l2hSize :tex2html_wrap_inline4502:7.24997pt::7.24997pt::8.26993pt.
[11


]
l2hSize :tex2html_wrap_inline4578:6.74997pt::0.0pt::10.50003pt.
[12


]
l2hSize :tex2html_wrap_inline4582:6.88889pt::0.0pt::7.72226pt.
[13


]
l2hSize :tex2html_wrap_inline4731:6.88889pt::0.0pt::7.16672pt.
[14


]
l2hSize :tex2html_wrap_indisplay4906:21.0pt::21.0pt::10.5799pt.
[15


]
l2hSize :tex2html_wrap_indisplay4907:21.0pt::21.0pt::134.37929pt.
[16


]
l2hSize :tex2html_wrap_inline4909:7.46996pt::7.46996pt::8.26993pt.
[17


]
l2hSize :tex2html_wrap_inline5181:7.24997pt::7.24997pt::7.63992pt.
[18


]
l2hSize :tex2html_wrap_indisplay5200:13.95984pt::13.95984pt::22.91747pt.
[19


]
l2hSize :tex2html_wrap_indisplay5203:13.95984pt::13.95984pt::34.8772pt.
[20


]
l2hSize :tex2html_wrap_inline5255:7.24997pt::7.24997pt::7.15993pt.
[21


]
l2hSize :tex2html_wrap_inline5258:6.74997pt::0.0pt::7.15993pt.
[22


]
l2hSize :tex2html_wrap_indisplay5293:15.85033pt::15.85033pt::86.23445pt.
[23


]
l2hSize :tex2html_wrap_indisplay5302:13.3538pt::13.3538pt::13.28766pt.
[24


]
l2hSize :tex2html_wrap_indisplay5304:10.32986pt::10.32986pt::26.33292pt.
[25


]
l2hSize :tex2html_wrap_indisplay5330:13.95984pt::13.95984pt::7.90002pt.
[26


]
l2hSize :tex2html_wrap_indisplay5348:15.08914pt::15.08914pt::13.68pt.
[27


]
l2hSize :tex2html_wrap_indisplay5349:13.95984pt::13.95984pt::27.11746pt.
[28


]
l2hSize :tex2html_wrap_indisplay5353:15.85033pt::15.85033pt::25.85745pt.
[29


]
l2hSize :tex2html_wrap_indisplay5355:12.99498pt::12.99498pt::9.48pt.
[30


]
l2hSize :tex2html_wrap_indisplay5359:15.85033pt::15.85033pt::33.45943pt.
[31


]
l2hSize :tex2html_wrap_indisplay5367:13.95984pt::13.95984pt::10.30984pt.
[32


]
l2hSize :tex2html_wrap_indisplay5370:13.95984pt::13.95984pt::36.82701pt.
[33


]
l2hSize :tex2html_wrap_indisplay5373:15.85033pt::15.85033pt::39.61488pt.
[34


]
l2hSize :tex2html_wrap_indisplay5379:14.7699pt::14.7699pt::48.63707pt.
[35


]
l2hSize :tex2html_wrap_inline5381:7.24997pt::7.24997pt::20.49965pt.
[36


]
l2hSize :tex2html_wrap_inline5385:7.24997pt::7.24997pt::5.78354pt.
[37


]
l2hSize :tex2html_wrap_inline5393:21.18047pt::21.18047pt::8.35992pt.
[38


]
l2hSize :tex2html_wrap_inline5394:21.18047pt::21.18047pt::136.63806pt.
[39


]
l2hSize :tex2html_wrap_inline5395:21.18047pt::21.18047pt::8.35992pt.
[40


]
l2hSize :tex2html_wrap_indisplay5402:13.95984pt::13.95984pt::87.14284pt.
[41


]
l2hSize :tex2html_wrap_indisplay5403:21.2707pt::21.2707pt::8.35992pt.
[42


]
l2hSize :tex2html_wrap_indisplay5404:21.2707pt::21.2707pt::226.42067pt.
[43


]
l2hSize :tex2html_wrap_indisplay5405:21.2707pt::21.2707pt::8.35992pt.
[44


]
l2hSize :tex2html_wrap_inline5407:7.46996pt::7.46996pt::7.15993pt.
[45


]
l2hSize :tex2html_wrap_inline5409:9.39049pt::9.39049pt::10.30002pt.
[46


]
l2hSize :tex2html_wrap_inline5410:21.0pt::21.0pt::8.35992pt.
[47


]
l2hSize :tex2html_wrap_inline5411:21.0pt::21.0pt::68.80972pt.
[48


]
l2hSize :tex2html_wrap_inline5412:21.0pt::21.0pt::8.35992pt.
[49


]
l2hSize :tex2html_wrap_inline5416:21.0pt::21.0pt::8.35992pt.
[50


]
l2hSize :tex2html_wrap_inline5417:21.0pt::21.0pt::45.50003pt.
[51


]
l2hSize :tex2html_wrap_inline5418:21.0pt::21.0pt::8.35992pt.
[52


]
l2hSize :tex2html_wrap_indisplay5423:21.0pt::21.0pt::114.34363pt.
[53


]
l2hSize :tex2html_wrap_inline5429:7.94495pt::7.94495pt::7.21999pt.
[54


]
l2hSize :tex2html_wrap_indisplay5433:21.0pt::21.0pt::74.35962pt.
[55


]
l2hSize :tex2html_wrap_indisplay5438:21.0pt::21.0pt::201.52301pt.
[56


]
l2hSize :tex2html_wrap_indisplay5440:21.0pt::21.0pt::147.11029pt.
[57


]
l2hSize :tex2html_wrap_inline5451:6.75pt::0.0pt::8.27783pt.
[58


]
l2hSize :tex2html_wrap_inline5453:6.75pt::0.0pt::8.27783pt.
[59


]
l2hSize :tex2html_wrap_indisplay5926:15.85033pt::15.85033pt::75.02217pt.
[60


]
l2hSize :tex2html_wrap_indisplay5928:14.7699pt::14.7699pt::86.23155pt.
[61


]
l2hSize :tex2html_wrap_indisplay5929:15.85033pt::15.85033pt::75.02217pt.
[62


]
l2hSize :tex2html_wrap_indisplay5930:14.7699pt::14.7699pt::58.45438pt.
[63


]
l2hSize :tex2html_wrap_indisplay5932:15.85033pt::15.85033pt::58.45438pt.
[64


]
l2hSize :tex2html_wrap_indisplay5933:13.95984pt::13.95984pt::58.45438pt.
[65


]
l2hSize :tex2html_wrap_indisplay5940:15.85033pt::15.85033pt::73.87216pt.
[66


]
l2hSize :tex2html_wrap_indisplay5942:15.85033pt::15.85033pt::27.11746pt.
[67


]
l2hSize :tex2html_wrap_indisplay5943:15.85033pt::15.85033pt::58.45438pt.
[68


]
l2hSize :tex2html_wrap_indisplay5945:13.95984pt::13.95984pt::22.91747pt.
[69


]
l2hSize :tex2html_wrap_indisplay5946:13.95984pt::13.95984pt::22.91747pt.
[70


]
l2hSize :tex2html_wrap_indisplay5947:13.95984pt::13.95984pt::27.11746pt.
[71


]
l2hSize :tex2html_wrap_indisplay5955:9.74721pt::9.74721pt::32.6252pt.
[72


]
l2hSize :tex2html_wrap_indisplay5956:13.95984pt::13.95984pt::39.91725pt.
[73


]
l2hSize :tex2html_wrap_indisplay5958:13.95984pt::13.95984pt::78.454pt.
[74


]
l2hSize :tex2html_wrap_indisplay5959:14.7699pt::14.7699pt::43.54703pt.
[75


]
l2hSize :tex2html_wrap_inline5969:10.23344pt::10.23344pt::10.67998pt.
[76


]
l2hSize :tex2html_wrap_indisplay5971:15.08914pt::15.08914pt::19.4297pt.
[77


]
l2hSize :tex2html_wrap_indisplay5972:13.95984pt::13.95984pt::7.90002pt.
[78


]
l2hSize :tex2html_wrap_indisplay5973:15.08914pt::15.08914pt::13.68pt.
[79


]
l2hSize :tex2html_wrap_indisplay5975:15.64784pt::15.64784pt::22.04192pt.
[80


]
l2hSize :tex2html_wrap_indisplay5976:10.31721pt::10.31721pt::36.05943pt.
[81


]
l2hSize :tex2html_wrap_indisplay5986:17.13547pt::17.13547pt::13.64973pt.
[82


]
l2hSize :tex2html_wrap_indisplay6028:10.32986pt::10.32986pt::14.90768pt.
[83


]
l2hSize :tex2html_wrap_indisplay6029:14.7699pt::14.7699pt::26.79938pt.
[84


]
l2hSize :tex2html_wrap_indisplay6030:10.32986pt::10.32986pt::20.06961pt.
[85


]
l2hSize :tex2html_wrap_indisplay6031:10.32986pt::10.32986pt::22.23349pt.
[86


]
l2hSize :tex2html_wrap_inline6053:9.39049pt::9.39049pt::11.06195pt.
[87


]
l2hSize :tex2html_wrap_inline6059:7.24997pt::7.24997pt::5.71988pt.
[88


]
l2hSize :tex2html_wrap_indisplay6121:15.09024pt::15.09024pt::9.20003pt.
[89


]
l2hSize :tex2html_wrap_indisplay6122:15.09024pt::15.09024pt::82.20871pt.
[90


]
l2hSize :tex2html_wrap_indisplay6124:15.09024pt::15.09024pt::9.20003pt.
[91


]
l2hSize :tex2html_wrap_indisplay6125:15.09024pt::15.09024pt::88.3198pt.
[92


]
l2hSize :tex2html_wrap_indisplay6127:15.09024pt::15.09024pt::9.20003pt.
[93


]
l2hSize :tex2html_wrap_indisplay6128:15.09024pt::15.09024pt::98.3198pt.
[94


]
l2hSize :tex2html_wrap_inline6145:10.22998pt::10.22998pt::38.3574pt.
[95


]
l2hSize :tex2html_wrap_indisplay6147:21.0pt::21.0pt::10.5799pt.
[96


]
l2hSize :tex2html_wrap_indisplay6148:21.0pt::21.0pt::96.5721pt.
[97


]
l2hSize :tex2html_wrap_indisplay6151:21.0pt::21.0pt::10.5799pt.
[98


]
l2hSize :tex2html_wrap_indisplay6152:21.0pt::21.0pt::88.4407pt.
[99


]
l2hSize :tex2html_wrap_indisplay6154:21.0pt::21.0pt::10.5799pt.
[100


]
l2hSize :tex2html_wrap_indisplay6155:21.0pt::21.0pt::85.23088pt.
[101


]
l2hSize :tex2html_wrap_indisplay6190:47.5699pt::47.5699pt::80.17607pt.
[102


]
l2hSize :tex2html_wrap_indisplay6237:45.60999pt::45.60999pt::10.45003pt.
[103


]
l2hSize :tex2html_wrap_indisplay6238:45.60999pt::45.60999pt::153.7439pt.
[104


]
l2hSize :tex2html_wrap_indisplay6239:45.60999pt::45.60999pt::10.45003pt.
[105


]
l2hSize :tex2html_wrap_indisplay6285:15.17445pt::15.17445pt::14.20473pt.
[106


]
l2hSize :tex2html_wrap_indisplay6286:14.11499pt::14.11499pt::11.97997pt.
[107


]
l2hSize :tex2html_wrap_inline6374:6.74997pt::0.0pt::8.1299pt.
[108


]
l2hSize :tex2html_wrap_indisplay6377:7.24997pt::7.24997pt::8.1299pt.
[109


]
l2hSize :tex2html_wrap_indisplay6378:14.99493pt::14.99493pt::9.06001pt.
[110


]
l2hSize :tex2html_wrap_indisplay6379:11.61479pt::11.61479pt::22.88757pt.
[111


]
l2hSize :tex2html_wrap_indisplay6380:11.61479pt::11.61479pt::22.91747pt.
[112


]
l2hSize :tex2html_wrap_indisplay6381:14.99493pt::14.99493pt::9.06001pt.
[113


]
l2hSize :tex2html_wrap_inline6388:6.82988pt::0.0pt::6.62003pt.
[114


]
l2hSize :tex2html_wrap_inline6397:9.08043pt::9.08043pt::18.0796pt.
[115


]
l2hSize :tex2html_wrap_indisplay6408:12.99498pt::12.99498pt::16.42395pt.
[116


]
l2hSize :tex2html_wrap_indisplay6409:14.99493pt::14.99493pt::9.06001pt.
[117


]
l2hSize :tex2html_wrap_indisplay6410:13.95984pt::13.95984pt::58.42448pt.
[118


]
l2hSize :tex2html_wrap_indisplay6411:17.0891pt::17.0891pt::13.26001pt.
[119


]
l2hSize :tex2html_wrap_indisplay6413:12.99498pt::12.99498pt::15.60997pt.
[120


] (./images.aux) ) 
Here is how much of TeX's memory you used:
 2764 strings out of 95370
 32265 string characters out of 1188211
 80006 words of memory out of 1000001
 5769 multiletter control sequences out of 10000+50000
 19778 words of font info for 48 fonts, out of 500000 for 1000
 198 hyphenation exceptions out of 1000
 27i,14n,24p,247b,167s stack positions out of 1500i,500n,5000p,200000b,5000s

Output written on images.dvi (120 pages, 32744 bytes).
